[2019-07-17 10:44:46.274] [sharedprocess] [info] main {"machineId":"92db1aadd00dea9129c924e124e1895c3667461b2496da1790196f3057486b79"}
[2019-07-17 10:44:48.543] [sharedprocess] [info] Scanned user extensions: 20
[2019-07-17 10:44:50.116] [sharedprocess] [info] Deleted from disk dart-code.dart-code /home/marlon/.vscode/extensions/dart-code.dart-code-3.2.0
[2019-07-17 10:44:50.143] [sharedprocess] [info] Scanned system extensions: 72
[2019-07-17 10:44:55.068] [sharedprocess] [info] Scanned user extensions: 20
[2019-07-17 10:44:55.203] [sharedprocess] [info] Scanned system extensions: 72
[2019-07-17 10:44:56.529] [sharedprocess] [info] Scanned user extensions: 20
[2019-07-17 10:44:56.560] [sharedprocess] [info] Scanned user extensions: 20
[2019-07-17 10:44:56.861] [sharedprocess] [info] Scanned system extensions: 72
[2019-07-17 10:44:56.936] [sharedprocess] [info] Scanned system extensions: 72
[2019-07-17 10:45:01.029] [sharedprocess] [info] Scanned user extensions: 20
[2019-07-17 10:45:01.466] [sharedprocess] [info] Scanned system extensions: 72
[2019-07-17 10:45:05.969] [sharedprocess] [info] Scanned user extensions: 20
[2019-07-17 10:45:25.976] [sharedprocess] [info] Starting to clean up unused language packs.
[2019-07-17 10:50:07.950] [sharedprocess] [info] Scanned user extensions: 20
[2019-07-17 10:55:16.311] [sharedprocess] [info] Scanned user extensions: 20
[2019-07-17 11:00:16.432] [sharedprocess] [info] Scanned user extensions: 20
[2019-07-17 11:05:16.522] [sharedprocess] [info] Scanned user extensions: 20
[2019-07-17 11:10:20.306] [sharedprocess] [info] Scanned user extensions: 20
[2019-07-17 11:15:21.105] [sharedprocess] [info] Scanned user extensions: 20
[2019-07-17 11:20:24.177] [sharedprocess] [info] Scanned user extensions: 20
[2019-07-17 11:25:24.336] [sharedprocess] [info] Scanned user extensions: 20
[2019-07-17 11:30:26.385] [sharedprocess] [info] Scanned user extensions: 20
[2019-07-17 11:35:28.538] [sharedprocess] [info] Scanned user extensions: 20
[2019-07-17 11:40:34.038] [sharedprocess] [info] Scanned user extensions: 20
[2019-07-17 11:45:35.816] [sharedprocess] [info] Scanned user extensions: 20
[2019-07-17 11:50:36.737] [sharedprocess] [info] Scanned user extensions: 20
[2019-07-17 11:55:36.817] [sharedprocess] [info] Scanned user extensions: 20
[2019-07-17 12:00:36.901] [sharedprocess] [info] Scanned user extensions: 20
[2019-07-17 12:05:36.988] [sharedprocess] [info] Scanned user extensions: 20
[2019-07-17 12:10:37.073] [sharedprocess] [info] Scanned user extensions: 20
[2019-07-17 12:15:37.163] [sharedprocess] [info] Scanned user extensions: 20
[2019-07-17 12:20:37.240] [sharedprocess] [info] Scanned user extensions: 20
[2019-07-17 12:25:42.210] [sharedprocess] [info] Scanned user extensions: 20
[2019-07-17 12:30:47.869] [sharedprocess] [info] Scanned user extensions: 20
[2019-07-17 12:35:54.568] [sharedprocess] [info] Scanned user extensions: 20
[2019-07-17 12:40:54.659] [sharedprocess] [info] Scanned user extensions: 20
[2019-07-17 12:45:56.439] [sharedprocess] [info] Scanned user extensions: 20
[2019-07-17 12:50:56.629] [sharedprocess] [info] Scanned user extensions: 20
[2019-07-17 12:55:56.743] [sharedprocess] [info] Scanned user extensions: 20
[2019-07-17 13:00:56.819] [sharedprocess] [info] Scanned user extensions: 20
[2019-07-17 13:05:56.940] [sharedprocess] [info] Scanned user extensions: 20
[2019-07-17 13:10:57.056] [sharedprocess] [info] Scanned user extensions: 20
[2019-07-17 13:15:57.154] [sharedprocess] [info] Scanned user extensions: 20
[2019-07-17 13:20:57.251] [sharedprocess] [info] Scanned user extensions: 20
[2019-07-17 13:25:57.355] [sharedprocess] [info] Scanned user extensions: 20
[2019-07-17 13:30:57.455] [sharedprocess] [info] Scanned user extensions: 20
[2019-07-17 13:35:57.525] [sharedprocess] [info] Scanned user extensions: 20
[2019-07-17 13:40:57.619] [sharedprocess] [info] Scanned user extensions: 20
[2019-07-17 13:45:58.022] [sharedprocess] [info] Scanned user extensions: 20
[2019-07-17 13:50:58.100] [sharedprocess] [info] Scanned user extensions: 20
[2019-07-17 13:55:58.188] [sharedprocess] [info] Scanned user extensions: 20
[2019-07-17 14:01:01.821] [sharedprocess] [info] Scanned user extensions: 20
[2019-07-17 14:06:01.890] [sharedprocess] [info] Scanned user extensions: 20
[2019-07-17 14:11:01.953] [sharedprocess] [info] Scanned user extensions: 20
[2019-07-17 14:16:02.065] [sharedprocess] [info] Scanned user extensions: 20
[2019-07-17 14:21:02.125] [sharedprocess] [info] Scanned user extensions: 20
