[2019-07-15 14:20:09.492] [renderer1] [error] Error: Error: ENOENT: no such file or directory, stat '/home/marlon/Desktop/resumee-2.0/.vscode'
[2019-07-15 15:03:42.299] [renderer1] [error] name must not be falsy: Error: name must not be falsy
	at Function.validate (/usr/share/code/resources/app/out/vs/workbench/services/extensions/node/extensionHostProcess.js:344:724)
	at new x (/usr/share/code/resources/app/out/vs/workbench/services/extensions/node/extensionHostProcess.js:344:673)
	at new x (/usr/share/code/resources/app/out/vs/workbench/services/extensions/node/extensionHostProcess.js:333:525)
	at asSymbolInformation (/home/marlon/.vscode/extensions/octref.vetur-0.21.1/node_modules/vscode-languageclient/lib/protocolConverter.js:411:22)
	at values.map.information (/home/marlon/.vscode/extensions/octref.vetur-0.21.1/node_modules/vscode-languageclient/lib/protocolConverter.js:400:42)
	at Array.map (<anonymous>)
	at Object.asSymbolInformations (/home/marlon/.vscode/extensions/octref.vetur-0.21.1/node_modules/vscode-languageclient/lib/protocolConverter.js:400:23)
	at registerLanguageProvider.client.sendRequest.then (/home/marlon/.vscode/extensions/octref.vetur-0.21.1/node_modules/vscode-languageclient/lib/client.js:1005:62)
[2019-07-15 15:04:04.413] [renderer1] [error] name must not be falsy: Error: name must not be falsy
	at Function.validate (/usr/share/code/resources/app/out/vs/workbench/services/extensions/node/extensionHostProcess.js:344:724)
	at new x (/usr/share/code/resources/app/out/vs/workbench/services/extensions/node/extensionHostProcess.js:344:673)
	at new x (/usr/share/code/resources/app/out/vs/workbench/services/extensions/node/extensionHostProcess.js:333:525)
	at asSymbolInformation (/home/marlon/.vscode/extensions/octref.vetur-0.21.1/node_modules/vscode-languageclient/lib/protocolConverter.js:411:22)
	at values.map.information (/home/marlon/.vscode/extensions/octref.vetur-0.21.1/node_modules/vscode-languageclient/lib/protocolConverter.js:400:42)
	at Array.map (<anonymous>)
	at Object.asSymbolInformations (/home/marlon/.vscode/extensions/octref.vetur-0.21.1/node_modules/vscode-languageclient/lib/protocolConverter.js:400:23)
	at registerLanguageProvider.client.sendRequest.then (/home/marlon/.vscode/extensions/octref.vetur-0.21.1/node_modules/vscode-languageclient/lib/client.js:1005:62)
[2019-07-15 15:45:00.707] [renderer1] [error] Tree element not found: [object Object]: Error: Tree element not found: [object Object]
    at s.getElementLocation (file:///usr/share/code/resources/app/out/vs/workbench/workbench.main.js:94:674)
    at s.isCollapsed (file:///usr/share/code/resources/app/out/vs/workbench/workbench.main.js:94:14)
    at j.isCollapsed (file:///usr/share/code/resources/app/out/vs/workbench/workbench.main.js:948:812)
    at W.revealMarkersForCurrentActiveEditor (file:///usr/share/code/resources/app/out/vs/workbench/workbench.main.js:5360:174)
    at W.autoReveal (file:///usr/share/code/resources/app/out/vs/workbench/workbench.main.js:5360:31)
    at W.onActiveEditorChanged (file:///usr/share/code/resources/app/out/vs/workbench/workbench.main.js:5357:350)
    at W._register.e (file:///usr/share/code/resources/app/out/vs/workbench/workbench.main.js:5356:360)
    at d.fire (file:///usr/share/code/resources/app/out/vs/workbench/workbench.main.js:77:1003)
    at setTimeout (file:///usr/share/code/resources/app/out/vs/workbench/workbench.main.js:74:652)
[2019-07-15 15:47:58.748] [renderer1] [error] Tree element not found: [object Object]: Error: Tree element not found: [object Object]
    at s.getElementLocation (file:///usr/share/code/resources/app/out/vs/workbench/workbench.main.js:94:674)
    at s.isCollapsed (file:///usr/share/code/resources/app/out/vs/workbench/workbench.main.js:94:14)
    at j.isCollapsed (file:///usr/share/code/resources/app/out/vs/workbench/workbench.main.js:948:812)
    at W.revealMarkersForCurrentActiveEditor (file:///usr/share/code/resources/app/out/vs/workbench/workbench.main.js:5360:174)
    at W.autoReveal (file:///usr/share/code/resources/app/out/vs/workbench/workbench.main.js:5360:31)
    at W.onActiveEditorChanged (file:///usr/share/code/resources/app/out/vs/workbench/workbench.main.js:5357:350)
    at W._register.e (file:///usr/share/code/resources/app/out/vs/workbench/workbench.main.js:5356:360)
    at d.fire (file:///usr/share/code/resources/app/out/vs/workbench/workbench.main.js:77:1003)
    at setTimeout (file:///usr/share/code/resources/app/out/vs/workbench/workbench.main.js:74:652)
[2019-07-15 15:48:25.798] [renderer1] [error] Tree element not found: [object Object]: Error: Tree element not found: [object Object]
    at s.getElementLocation (file:///usr/share/code/resources/app/out/vs/workbench/workbench.main.js:94:674)
    at s.isCollapsed (file:///usr/share/code/resources/app/out/vs/workbench/workbench.main.js:94:14)
    at j.isCollapsed (file:///usr/share/code/resources/app/out/vs/workbench/workbench.main.js:948:812)
    at W.revealMarkersForCurrentActiveEditor (file:///usr/share/code/resources/app/out/vs/workbench/workbench.main.js:5360:174)
    at W.autoReveal (file:///usr/share/code/resources/app/out/vs/workbench/workbench.main.js:5360:31)
    at W.onActiveEditorChanged (file:///usr/share/code/resources/app/out/vs/workbench/workbench.main.js:5357:350)
    at W._register.e (file:///usr/share/code/resources/app/out/vs/workbench/workbench.main.js:5356:360)
    at d.fire (file:///usr/share/code/resources/app/out/vs/workbench/workbench.main.js:77:1003)
    at setTimeout (file:///usr/share/code/resources/app/out/vs/workbench/workbench.main.js:74:652)
[2019-07-15 15:49:10.098] [renderer1] [error] Tree element not found: [object Object]: Error: Tree element not found: [object Object]
    at s.getElementLocation (file:///usr/share/code/resources/app/out/vs/workbench/workbench.main.js:94:674)
    at s.isCollapsed (file:///usr/share/code/resources/app/out/vs/workbench/workbench.main.js:94:14)
    at j.isCollapsed (file:///usr/share/code/resources/app/out/vs/workbench/workbench.main.js:948:812)
    at W.revealMarkersForCurrentActiveEditor (file:///usr/share/code/resources/app/out/vs/workbench/workbench.main.js:5360:174)
    at W.autoReveal (file:///usr/share/code/resources/app/out/vs/workbench/workbench.main.js:5360:31)
    at W.onActiveEditorChanged (file:///usr/share/code/resources/app/out/vs/workbench/workbench.main.js:5357:350)
    at W._register.e (file:///usr/share/code/resources/app/out/vs/workbench/workbench.main.js:5356:360)
    at d.fire (file:///usr/share/code/resources/app/out/vs/workbench/workbench.main.js:77:1003)
    at setTimeout (file:///usr/share/code/resources/app/out/vs/workbench/workbench.main.js:74:652)
[2019-07-15 15:51:10.005] [renderer1] [error] Tree element not found: [object Object]: Error: Tree element not found: [object Object]
    at s.getElementLocation (file:///usr/share/code/resources/app/out/vs/workbench/workbench.main.js:94:674)
    at s.isCollapsed (file:///usr/share/code/resources/app/out/vs/workbench/workbench.main.js:94:14)
    at j.isCollapsed (file:///usr/share/code/resources/app/out/vs/workbench/workbench.main.js:948:812)
    at W.revealMarkersForCurrentActiveEditor (file:///usr/share/code/resources/app/out/vs/workbench/workbench.main.js:5360:174)
    at W.autoReveal (file:///usr/share/code/resources/app/out/vs/workbench/workbench.main.js:5360:31)
    at W.onActiveEditorChanged (file:///usr/share/code/resources/app/out/vs/workbench/workbench.main.js:5357:350)
    at W._register.e (file:///usr/share/code/resources/app/out/vs/workbench/workbench.main.js:5356:360)
    at d.fire (file:///usr/share/code/resources/app/out/vs/workbench/workbench.main.js:77:1003)
    at setTimeout (file:///usr/share/code/resources/app/out/vs/workbench/workbench.main.js:74:652)
[2019-07-15 15:51:26.721] [renderer1] [error] Tree element not found: [object Object]: Error: Tree element not found: [object Object]
    at s.getElementLocation (file:///usr/share/code/resources/app/out/vs/workbench/workbench.main.js:94:674)
    at s.isCollapsed (file:///usr/share/code/resources/app/out/vs/workbench/workbench.main.js:94:14)
    at j.isCollapsed (file:///usr/share/code/resources/app/out/vs/workbench/workbench.main.js:948:812)
    at W.revealMarkersForCurrentActiveEditor (file:///usr/share/code/resources/app/out/vs/workbench/workbench.main.js:5360:174)
    at W.autoReveal (file:///usr/share/code/resources/app/out/vs/workbench/workbench.main.js:5360:31)
    at W.onActiveEditorChanged (file:///usr/share/code/resources/app/out/vs/workbench/workbench.main.js:5357:350)
    at W._register.e (file:///usr/share/code/resources/app/out/vs/workbench/workbench.main.js:5356:360)
    at d.fire (file:///usr/share/code/resources/app/out/vs/workbench/workbench.main.js:77:1003)
    at setTimeout (file:///usr/share/code/resources/app/out/vs/workbench/workbench.main.js:74:652)
[2019-07-15 15:59:53.125] [renderer1] [error] Tree element not found: [object Object]: Error: Tree element not found: [object Object]
    at s.getElementLocation (file:///usr/share/code/resources/app/out/vs/workbench/workbench.main.js:94:674)
    at s.isCollapsed (file:///usr/share/code/resources/app/out/vs/workbench/workbench.main.js:94:14)
    at j.isCollapsed (file:///usr/share/code/resources/app/out/vs/workbench/workbench.main.js:948:812)
    at W.revealMarkersForCurrentActiveEditor (file:///usr/share/code/resources/app/out/vs/workbench/workbench.main.js:5360:174)
    at W.autoReveal (file:///usr/share/code/resources/app/out/vs/workbench/workbench.main.js:5360:31)
    at W.onActiveEditorChanged (file:///usr/share/code/resources/app/out/vs/workbench/workbench.main.js:5357:350)
    at W._register.e (file:///usr/share/code/resources/app/out/vs/workbench/workbench.main.js:5356:360)
    at d.fire (file:///usr/share/code/resources/app/out/vs/workbench/workbench.main.js:77:1003)
    at setTimeout (file:///usr/share/code/resources/app/out/vs/workbench/workbench.main.js:74:652)
[2019-07-15 16:02:34.219] [renderer1] [error] Tree element not found: [object Object]: Error: Tree element not found: [object Object]
    at s.getElementLocation (file:///usr/share/code/resources/app/out/vs/workbench/workbench.main.js:94:674)
    at s.isCollapsed (file:///usr/share/code/resources/app/out/vs/workbench/workbench.main.js:94:14)
    at j.isCollapsed (file:///usr/share/code/resources/app/out/vs/workbench/workbench.main.js:948:812)
    at W.revealMarkersForCurrentActiveEditor (file:///usr/share/code/resources/app/out/vs/workbench/workbench.main.js:5360:174)
    at W.autoReveal (file:///usr/share/code/resources/app/out/vs/workbench/workbench.main.js:5360:31)
    at W.onActiveEditorChanged (file:///usr/share/code/resources/app/out/vs/workbench/workbench.main.js:5357:350)
    at W._register.e (file:///usr/share/code/resources/app/out/vs/workbench/workbench.main.js:5356:360)
    at d.fire (file:///usr/share/code/resources/app/out/vs/workbench/workbench.main.js:77:1003)
    at setTimeout (file:///usr/share/code/resources/app/out/vs/workbench/workbench.main.js:74:652)
[2019-07-15 16:05:52.110] [renderer1] [error] Tree element not found: [object Object]: Error: Tree element not found: [object Object]
    at s.getElementLocation (file:///usr/share/code/resources/app/out/vs/workbench/workbench.main.js:94:674)
    at s.isCollapsed (file:///usr/share/code/resources/app/out/vs/workbench/workbench.main.js:94:14)
    at j.isCollapsed (file:///usr/share/code/resources/app/out/vs/workbench/workbench.main.js:948:812)
    at W.revealMarkersForCurrentActiveEditor (file:///usr/share/code/resources/app/out/vs/workbench/workbench.main.js:5360:174)
    at W.autoReveal (file:///usr/share/code/resources/app/out/vs/workbench/workbench.main.js:5360:31)
    at W.onActiveEditorChanged (file:///usr/share/code/resources/app/out/vs/workbench/workbench.main.js:5357:350)
    at W._register.e (file:///usr/share/code/resources/app/out/vs/workbench/workbench.main.js:5356:360)
    at d.fire (file:///usr/share/code/resources/app/out/vs/workbench/workbench.main.js:77:1003)
    at setTimeout (file:///usr/share/code/resources/app/out/vs/workbench/workbench.main.js:74:652)
[2019-07-15 16:07:56.017] [renderer1] [error] Tree element not found: [object Object]: Error: Tree element not found: [object Object]
    at s.getElementLocation (file:///usr/share/code/resources/app/out/vs/workbench/workbench.main.js:94:674)
    at s.isCollapsed (file:///usr/share/code/resources/app/out/vs/workbench/workbench.main.js:94:14)
    at j.isCollapsed (file:///usr/share/code/resources/app/out/vs/workbench/workbench.main.js:948:812)
    at W.revealMarkersForCurrentActiveEditor (file:///usr/share/code/resources/app/out/vs/workbench/workbench.main.js:5360:174)
    at W.autoReveal (file:///usr/share/code/resources/app/out/vs/workbench/workbench.main.js:5360:31)
    at W.onActiveEditorChanged (file:///usr/share/code/resources/app/out/vs/workbench/workbench.main.js:5357:350)
    at W._register.e (file:///usr/share/code/resources/app/out/vs/workbench/workbench.main.js:5356:360)
    at d.fire (file:///usr/share/code/resources/app/out/vs/workbench/workbench.main.js:77:1003)
    at setTimeout (file:///usr/share/code/resources/app/out/vs/workbench/workbench.main.js:74:652)
[2019-07-15 16:08:49.262] [renderer1] [error] Tree element not found: [object Object]: Error: Tree element not found: [object Object]
    at s.getElementLocation (file:///usr/share/code/resources/app/out/vs/workbench/workbench.main.js:94:674)
    at s.isCollapsed (file:///usr/share/code/resources/app/out/vs/workbench/workbench.main.js:94:14)
    at j.isCollapsed (file:///usr/share/code/resources/app/out/vs/workbench/workbench.main.js:948:812)
    at W.revealMarkersForCurrentActiveEditor (file:///usr/share/code/resources/app/out/vs/workbench/workbench.main.js:5360:174)
    at W.autoReveal (file:///usr/share/code/resources/app/out/vs/workbench/workbench.main.js:5360:31)
    at W.onActiveEditorChanged (file:///usr/share/code/resources/app/out/vs/workbench/workbench.main.js:5357:350)
    at W._register.e (file:///usr/share/code/resources/app/out/vs/workbench/workbench.main.js:5356:360)
    at d.fire (file:///usr/share/code/resources/app/out/vs/workbench/workbench.main.js:77:1003)
    at setTimeout (file:///usr/share/code/resources/app/out/vs/workbench/workbench.main.js:74:652)
[2019-07-15 16:09:01.867] [renderer1] [error] Tree element not found: [object Object]: Error: Tree element not found: [object Object]
    at s.getElementLocation (file:///usr/share/code/resources/app/out/vs/workbench/workbench.main.js:94:674)
    at s.isCollapsed (file:///usr/share/code/resources/app/out/vs/workbench/workbench.main.js:94:14)
    at j.isCollapsed (file:///usr/share/code/resources/app/out/vs/workbench/workbench.main.js:948:812)
    at W.revealMarkersForCurrentActiveEditor (file:///usr/share/code/resources/app/out/vs/workbench/workbench.main.js:5360:174)
    at W.autoReveal (file:///usr/share/code/resources/app/out/vs/workbench/workbench.main.js:5360:31)
    at W.onActiveEditorChanged (file:///usr/share/code/resources/app/out/vs/workbench/workbench.main.js:5357:350)
    at W._register.e (file:///usr/share/code/resources/app/out/vs/workbench/workbench.main.js:5356:360)
    at d.fire (file:///usr/share/code/resources/app/out/vs/workbench/workbench.main.js:77:1003)
    at setTimeout (file:///usr/share/code/resources/app/out/vs/workbench/workbench.main.js:74:652)
[2019-07-15 16:11:48.684] [renderer1] [error] name must not be falsy: Error: name must not be falsy
	at Function.validate (/usr/share/code/resources/app/out/vs/workbench/services/extensions/node/extensionHostProcess.js:344:724)
	at new x (/usr/share/code/resources/app/out/vs/workbench/services/extensions/node/extensionHostProcess.js:344:673)
	at new x (/usr/share/code/resources/app/out/vs/workbench/services/extensions/node/extensionHostProcess.js:333:525)
	at asSymbolInformation (/home/marlon/.vscode/extensions/octref.vetur-0.21.1/node_modules/vscode-languageclient/lib/protocolConverter.js:411:22)
	at values.map.information (/home/marlon/.vscode/extensions/octref.vetur-0.21.1/node_modules/vscode-languageclient/lib/protocolConverter.js:400:42)
	at Array.map (<anonymous>)
	at Object.asSymbolInformations (/home/marlon/.vscode/extensions/octref.vetur-0.21.1/node_modules/vscode-languageclient/lib/protocolConverter.js:400:23)
	at registerLanguageProvider.client.sendRequest.then (/home/marlon/.vscode/extensions/octref.vetur-0.21.1/node_modules/vscode-languageclient/lib/client.js:1005:62)
[2019-07-15 16:12:47.374] [renderer1] [error] name must not be falsy: Error: name must not be falsy
	at Function.validate (/usr/share/code/resources/app/out/vs/workbench/services/extensions/node/extensionHostProcess.js:344:724)
	at new x (/usr/share/code/resources/app/out/vs/workbench/services/extensions/node/extensionHostProcess.js:344:673)
	at new x (/usr/share/code/resources/app/out/vs/workbench/services/extensions/node/extensionHostProcess.js:333:525)
	at asSymbolInformation (/home/marlon/.vscode/extensions/octref.vetur-0.21.1/node_modules/vscode-languageclient/lib/protocolConverter.js:411:22)
	at values.map.information (/home/marlon/.vscode/extensions/octref.vetur-0.21.1/node_modules/vscode-languageclient/lib/protocolConverter.js:400:42)
	at Array.map (<anonymous>)
	at Object.asSymbolInformations (/home/marlon/.vscode/extensions/octref.vetur-0.21.1/node_modules/vscode-languageclient/lib/protocolConverter.js:400:23)
	at registerLanguageProvider.client.sendRequest.then (/home/marlon/.vscode/extensions/octref.vetur-0.21.1/node_modules/vscode-languageclient/lib/client.js:1005:62)
[2019-07-15 16:13:09.731] [renderer1] [error] name must not be falsy: Error: name must not be falsy
	at Function.validate (/usr/share/code/resources/app/out/vs/workbench/services/extensions/node/extensionHostProcess.js:344:724)
	at new x (/usr/share/code/resources/app/out/vs/workbench/services/extensions/node/extensionHostProcess.js:344:673)
	at new x (/usr/share/code/resources/app/out/vs/workbench/services/extensions/node/extensionHostProcess.js:333:525)
	at asSymbolInformation (/home/marlon/.vscode/extensions/octref.vetur-0.21.1/node_modules/vscode-languageclient/lib/protocolConverter.js:411:22)
	at values.map.information (/home/marlon/.vscode/extensions/octref.vetur-0.21.1/node_modules/vscode-languageclient/lib/protocolConverter.js:400:42)
	at Array.map (<anonymous>)
	at Object.asSymbolInformations (/home/marlon/.vscode/extensions/octref.vetur-0.21.1/node_modules/vscode-languageclient/lib/protocolConverter.js:400:23)
	at registerLanguageProvider.client.sendRequest.then (/home/marlon/.vscode/extensions/octref.vetur-0.21.1/node_modules/vscode-languageclient/lib/client.js:1005:62)
[2019-07-15 16:13:44.458] [renderer1] [error] Tree element not found: [object Object]: Error: Tree element not found: [object Object]
    at s.getElementLocation (file:///usr/share/code/resources/app/out/vs/workbench/workbench.main.js:94:674)
    at s.isCollapsed (file:///usr/share/code/resources/app/out/vs/workbench/workbench.main.js:94:14)
    at j.isCollapsed (file:///usr/share/code/resources/app/out/vs/workbench/workbench.main.js:948:812)
    at W.revealMarkersForCurrentActiveEditor (file:///usr/share/code/resources/app/out/vs/workbench/workbench.main.js:5360:174)
    at W.autoReveal (file:///usr/share/code/resources/app/out/vs/workbench/workbench.main.js:5360:31)
    at W.onActiveEditorChanged (file:///usr/share/code/resources/app/out/vs/workbench/workbench.main.js:5357:350)
    at W._register.e (file:///usr/share/code/resources/app/out/vs/workbench/workbench.main.js:5356:360)
    at d.fire (file:///usr/share/code/resources/app/out/vs/workbench/workbench.main.js:77:1003)
    at setTimeout (file:///usr/share/code/resources/app/out/vs/workbench/workbench.main.js:74:652)
[2019-07-15 16:16:42.927] [renderer1] [error] Tree element not found: [object Object]: Error: Tree element not found: [object Object]
    at s.getElementLocation (file:///usr/share/code/resources/app/out/vs/workbench/workbench.main.js:94:674)
    at s.isCollapsed (file:///usr/share/code/resources/app/out/vs/workbench/workbench.main.js:94:14)
    at j.isCollapsed (file:///usr/share/code/resources/app/out/vs/workbench/workbench.main.js:948:812)
    at W.revealMarkersForCurrentActiveEditor (file:///usr/share/code/resources/app/out/vs/workbench/workbench.main.js:5360:174)
    at W.autoReveal (file:///usr/share/code/resources/app/out/vs/workbench/workbench.main.js:5360:31)
    at W.onActiveEditorChanged (file:///usr/share/code/resources/app/out/vs/workbench/workbench.main.js:5357:350)
    at W._register.e (file:///usr/share/code/resources/app/out/vs/workbench/workbench.main.js:5356:360)
    at d.fire (file:///usr/share/code/resources/app/out/vs/workbench/workbench.main.js:77:1003)
    at setTimeout (file:///usr/share/code/resources/app/out/vs/workbench/workbench.main.js:74:652)
[2019-07-15 16:24:03.843] [renderer1] [error] Tree element not found: [object Object]: Error: Tree element not found: [object Object]
    at s.getElementLocation (file:///usr/share/code/resources/app/out/vs/workbench/workbench.main.js:94:674)
    at s.isCollapsed (file:///usr/share/code/resources/app/out/vs/workbench/workbench.main.js:94:14)
    at j.isCollapsed (file:///usr/share/code/resources/app/out/vs/workbench/workbench.main.js:948:812)
    at W.revealMarkersForCurrentActiveEditor (file:///usr/share/code/resources/app/out/vs/workbench/workbench.main.js:5360:174)
    at W.autoReveal (file:///usr/share/code/resources/app/out/vs/workbench/workbench.main.js:5360:31)
    at W.onActiveEditorChanged (file:///usr/share/code/resources/app/out/vs/workbench/workbench.main.js:5357:350)
    at W._register.e (file:///usr/share/code/resources/app/out/vs/workbench/workbench.main.js:5356:360)
    at d.fire (file:///usr/share/code/resources/app/out/vs/workbench/workbench.main.js:77:1003)
    at setTimeout (file:///usr/share/code/resources/app/out/vs/workbench/workbench.main.js:74:652)
[2019-07-15 16:29:02.076] [renderer1] [error] Tree element not found: [object Object]: Error: Tree element not found: [object Object]
    at s.getElementLocation (file:///usr/share/code/resources/app/out/vs/workbench/workbench.main.js:94:674)
    at s.isCollapsed (file:///usr/share/code/resources/app/out/vs/workbench/workbench.main.js:94:14)
    at j.isCollapsed (file:///usr/share/code/resources/app/out/vs/workbench/workbench.main.js:948:812)
    at W.revealMarkersForCurrentActiveEditor (file:///usr/share/code/resources/app/out/vs/workbench/workbench.main.js:5360:174)
    at W.autoReveal (file:///usr/share/code/resources/app/out/vs/workbench/workbench.main.js:5360:31)
    at W.onActiveEditorChanged (file:///usr/share/code/resources/app/out/vs/workbench/workbench.main.js:5357:350)
    at W._register.e (file:///usr/share/code/resources/app/out/vs/workbench/workbench.main.js:5356:360)
    at d.fire (file:///usr/share/code/resources/app/out/vs/workbench/workbench.main.js:77:1003)
    at setTimeout (file:///usr/share/code/resources/app/out/vs/workbench/workbench.main.js:74:652)
[2019-07-15 16:34:00.020] [renderer1] [error] Tree element not found: [object Object]: Error: Tree element not found: [object Object]
    at s.getElementLocation (file:///usr/share/code/resources/app/out/vs/workbench/workbench.main.js:94:674)
    at s.isCollapsed (file:///usr/share/code/resources/app/out/vs/workbench/workbench.main.js:94:14)
    at j.isCollapsed (file:///usr/share/code/resources/app/out/vs/workbench/workbench.main.js:948:812)
    at W.revealMarkersForCurrentActiveEditor (file:///usr/share/code/resources/app/out/vs/workbench/workbench.main.js:5360:174)
    at W.autoReveal (file:///usr/share/code/resources/app/out/vs/workbench/workbench.main.js:5360:31)
    at W.onActiveEditorChanged (file:///usr/share/code/resources/app/out/vs/workbench/workbench.main.js:5357:350)
    at W._register.e (file:///usr/share/code/resources/app/out/vs/workbench/workbench.main.js:5356:360)
    at d.fire (file:///usr/share/code/resources/app/out/vs/workbench/workbench.main.js:77:1003)
    at setTimeout (file:///usr/share/code/resources/app/out/vs/workbench/workbench.main.js:74:652)
[2019-07-15 16:46:56.716] [renderer1] [error] Tree element not found: [object Object]: Error: Tree element not found: [object Object]
    at s.getElementLocation (file:///usr/share/code/resources/app/out/vs/workbench/workbench.main.js:94:674)
    at s.isCollapsed (file:///usr/share/code/resources/app/out/vs/workbench/workbench.main.js:94:14)
    at j.isCollapsed (file:///usr/share/code/resources/app/out/vs/workbench/workbench.main.js:948:812)
    at W.revealMarkersForCurrentActiveEditor (file:///usr/share/code/resources/app/out/vs/workbench/workbench.main.js:5360:174)
    at W.autoReveal (file:///usr/share/code/resources/app/out/vs/workbench/workbench.main.js:5360:31)
    at W.onActiveEditorChanged (file:///usr/share/code/resources/app/out/vs/workbench/workbench.main.js:5357:350)
    at W._register.e (file:///usr/share/code/resources/app/out/vs/workbench/workbench.main.js:5356:360)
    at d.fire (file:///usr/share/code/resources/app/out/vs/workbench/workbench.main.js:77:1003)
    at setTimeout (file:///usr/share/code/resources/app/out/vs/workbench/workbench.main.js:74:652)
[2019-07-15 16:47:50.457] [renderer1] [error] Tree element not found: [object Object]: Error: Tree element not found: [object Object]
    at s.getElementLocation (file:///usr/share/code/resources/app/out/vs/workbench/workbench.main.js:94:674)
    at s.isCollapsed (file:///usr/share/code/resources/app/out/vs/workbench/workbench.main.js:94:14)
    at j.isCollapsed (file:///usr/share/code/resources/app/out/vs/workbench/workbench.main.js:948:812)
    at W.revealMarkersForCurrentActiveEditor (file:///usr/share/code/resources/app/out/vs/workbench/workbench.main.js:5360:174)
    at W.autoReveal (file:///usr/share/code/resources/app/out/vs/workbench/workbench.main.js:5360:31)
    at W.onActiveEditorChanged (file:///usr/share/code/resources/app/out/vs/workbench/workbench.main.js:5357:350)
    at W._register.e (file:///usr/share/code/resources/app/out/vs/workbench/workbench.main.js:5356:360)
    at d.fire (file:///usr/share/code/resources/app/out/vs/workbench/workbench.main.js:77:1003)
    at setTimeout (file:///usr/share/code/resources/app/out/vs/workbench/workbench.main.js:74:652)
[2019-07-15 16:55:51.363] [renderer1] [error] Tree element not found: [object Object]: Error: Tree element not found: [object Object]
    at s.getElementLocation (file:///usr/share/code/resources/app/out/vs/workbench/workbench.main.js:94:674)
    at s.isCollapsed (file:///usr/share/code/resources/app/out/vs/workbench/workbench.main.js:94:14)
    at j.isCollapsed (file:///usr/share/code/resources/app/out/vs/workbench/workbench.main.js:948:812)
    at W.revealMarkersForCurrentActiveEditor (file:///usr/share/code/resources/app/out/vs/workbench/workbench.main.js:5360:174)
    at W.autoReveal (file:///usr/share/code/resources/app/out/vs/workbench/workbench.main.js:5360:31)
    at W.onActiveEditorChanged (file:///usr/share/code/resources/app/out/vs/workbench/workbench.main.js:5357:350)
    at W._register.e (file:///usr/share/code/resources/app/out/vs/workbench/workbench.main.js:5356:360)
    at d.fire (file:///usr/share/code/resources/app/out/vs/workbench/workbench.main.js:77:1003)
    at setTimeout (file:///usr/share/code/resources/app/out/vs/workbench/workbench.main.js:74:652)
