[2019-07-15 14:10:35.864] [exthost] [info] extension host started
[2019-07-15 14:10:35.952] [exthost] [info] ExtensionService#_doActivateExtension vscode.debug-auto-launch {"startup":true,"activationEvent":"*"}
[2019-07-15 14:10:35.952] [exthost] [info] ExtensionService#loadCommonJSModule /usr/share/code/resources/app/extensions/debug-auto-launch/dist/extension
[2019-07-15 14:10:35.983] [exthost] [info] ExtensionService#_doActivateExtension vscode.emmet {"startup":true,"activationEvent":"*"}
[2019-07-15 14:10:35.990] [exthost] [info] ExtensionService#loadCommonJSModule /usr/share/code/resources/app/extensions/emmet/dist/extension
[2019-07-15 14:10:36.071] [exthost] [info] ExtensionService#_doActivateExtension vscode.git {"startup":true,"activationEvent":"*"}
[2019-07-15 14:10:36.071] [exthost] [info] ExtensionService#loadCommonJSModule /usr/share/code/resources/app/extensions/git/dist/main
[2019-07-15 14:10:36.386] [exthost] [info] ExtensionService#_doActivateExtension vscode.merge-conflict {"startup":true,"activationEvent":"*"}
[2019-07-15 14:10:36.387] [exthost] [info] ExtensionService#loadCommonJSModule /usr/share/code/resources/app/extensions/merge-conflict/dist/extension
[2019-07-15 14:10:38.155] [exthost] [info] ExtensionService#_doActivateExtension olback.es6-css-minify {"startup":true,"activationEvent":"workspaceContains:**/*.css,**/*.js,**/*.json"}
[2019-07-15 14:10:38.155] [exthost] [info] ExtensionService#loadCommonJSModule /home/marlon/.vscode/extensions/olback.es6-css-minify-2.7.0/dist/extension
[2019-07-15 14:10:39.295] [exthost] [info] eager extensions activated
[2019-07-15 14:20:08.848] [exthost] [info] ExtensionService#_doActivateExtension vscode.typescript-language-features {"startup":false,"activationEvent":"onLanguage:javascript"}
[2019-07-15 14:20:08.849] [exthost] [info] ExtensionService#loadCommonJSModule /usr/share/code/resources/app/extensions/typescript-language-features/dist/extension
[2019-07-15 14:20:09.099] [exthost] [info] ExtensionService#_doActivateExtension dbaeumer.jshint {"startup":false,"activationEvent":"onLanguage:javascript"}
[2019-07-15 14:20:09.099] [exthost] [info] ExtensionService#loadCommonJSModule /home/marlon/.vscode/extensions/dbaeumer.jshint-0.10.20/jshint/out/extension
[2019-07-15 14:20:10.696] [exthost] [info] ExtensionService#_doActivateExtension ms-vscode.vscode-typescript-tslint-plugin {"startup":false,"activationEvent":"onLanguage:javascript"}
[2019-07-15 14:20:10.697] [exthost] [info] ExtensionService#loadCommonJSModule /home/marlon/.vscode/extensions/ms-vscode.vscode-typescript-tslint-plugin-1.2.2/out/index.js
[2019-07-15 14:20:13.471] [exthost] [info] ExtensionService#_doActivateExtension octref.vetur {"startup":false,"activationEvent":"onLanguage:vue"}
[2019-07-15 14:20:13.472] [exthost] [info] ExtensionService#loadCommonJSModule /home/marlon/.vscode/extensions/octref.vetur-0.21.1/dist/client/vueMain
[2019-07-15 14:34:45.651] [exthost] [info] ExtensionService#_doActivateExtension vscode.extension-editing {"startup":false,"activationEvent":"onLanguage:typescript"}
[2019-07-15 14:34:45.651] [exthost] [info] ExtensionService#loadCommonJSModule /usr/share/code/resources/app/extensions/extension-editing/dist/extension
[2019-07-15 15:03:42.215] [exthost] [error] [octref.vetur] provider FAILED
[2019-07-15 15:03:42.235] [exthost] [error] Error: name must not be falsy
	at Function.validate (/usr/share/code/resources/app/out/vs/workbench/services/extensions/node/extensionHostProcess.js:344:724)
	at new x (/usr/share/code/resources/app/out/vs/workbench/services/extensions/node/extensionHostProcess.js:344:673)
	at new x (/usr/share/code/resources/app/out/vs/workbench/services/extensions/node/extensionHostProcess.js:333:525)
	at asSymbolInformation (/home/marlon/.vscode/extensions/octref.vetur-0.21.1/node_modules/vscode-languageclient/lib/protocolConverter.js:411:22)
	at values.map.information (/home/marlon/.vscode/extensions/octref.vetur-0.21.1/node_modules/vscode-languageclient/lib/protocolConverter.js:400:42)
	at Array.map (<anonymous>)
	at Object.asSymbolInformations (/home/marlon/.vscode/extensions/octref.vetur-0.21.1/node_modules/vscode-languageclient/lib/protocolConverter.js:400:23)
	at registerLanguageProvider.client.sendRequest.then (/home/marlon/.vscode/extensions/octref.vetur-0.21.1/node_modules/vscode-languageclient/lib/client.js:1005:62)
[2019-07-15 15:04:04.411] [exthost] [error] [octref.vetur] provider FAILED
[2019-07-15 15:04:04.411] [exthost] [error] Error: name must not be falsy
	at Function.validate (/usr/share/code/resources/app/out/vs/workbench/services/extensions/node/extensionHostProcess.js:344:724)
	at new x (/usr/share/code/resources/app/out/vs/workbench/services/extensions/node/extensionHostProcess.js:344:673)
	at new x (/usr/share/code/resources/app/out/vs/workbench/services/extensions/node/extensionHostProcess.js:333:525)
	at asSymbolInformation (/home/marlon/.vscode/extensions/octref.vetur-0.21.1/node_modules/vscode-languageclient/lib/protocolConverter.js:411:22)
	at values.map.information (/home/marlon/.vscode/extensions/octref.vetur-0.21.1/node_modules/vscode-languageclient/lib/protocolConverter.js:400:42)
	at Array.map (<anonymous>)
	at Object.asSymbolInformations (/home/marlon/.vscode/extensions/octref.vetur-0.21.1/node_modules/vscode-languageclient/lib/protocolConverter.js:400:23)
	at registerLanguageProvider.client.sendRequest.then (/home/marlon/.vscode/extensions/octref.vetur-0.21.1/node_modules/vscode-languageclient/lib/client.js:1005:62)
[2019-07-15 15:44:09.681] [exthost] [info] ExtensionService#_doActivateExtension vscode.html-language-features {"startup":false,"activationEvent":"onLanguage:html"}
[2019-07-15 15:44:09.681] [exthost] [info] ExtensionService#loadCommonJSModule /usr/share/code/resources/app/extensions/html-language-features/client/dist/htmlMain
[2019-07-15 16:11:48.643] [exthost] [error] [octref.vetur] provider FAILED
[2019-07-15 16:11:48.683] [exthost] [error] Error: name must not be falsy
	at Function.validate (/usr/share/code/resources/app/out/vs/workbench/services/extensions/node/extensionHostProcess.js:344:724)
	at new x (/usr/share/code/resources/app/out/vs/workbench/services/extensions/node/extensionHostProcess.js:344:673)
	at new x (/usr/share/code/resources/app/out/vs/workbench/services/extensions/node/extensionHostProcess.js:333:525)
	at asSymbolInformation (/home/marlon/.vscode/extensions/octref.vetur-0.21.1/node_modules/vscode-languageclient/lib/protocolConverter.js:411:22)
	at values.map.information (/home/marlon/.vscode/extensions/octref.vetur-0.21.1/node_modules/vscode-languageclient/lib/protocolConverter.js:400:42)
	at Array.map (<anonymous>)
	at Object.asSymbolInformations (/home/marlon/.vscode/extensions/octref.vetur-0.21.1/node_modules/vscode-languageclient/lib/protocolConverter.js:400:23)
	at registerLanguageProvider.client.sendRequest.then (/home/marlon/.vscode/extensions/octref.vetur-0.21.1/node_modules/vscode-languageclient/lib/client.js:1005:62)
[2019-07-15 16:12:47.290] [exthost] [error] [octref.vetur] provider FAILED
[2019-07-15 16:12:47.291] [exthost] [error] Error: name must not be falsy
	at Function.validate (/usr/share/code/resources/app/out/vs/workbench/services/extensions/node/extensionHostProcess.js:344:724)
	at new x (/usr/share/code/resources/app/out/vs/workbench/services/extensions/node/extensionHostProcess.js:344:673)
	at new x (/usr/share/code/resources/app/out/vs/workbench/services/extensions/node/extensionHostProcess.js:333:525)
	at asSymbolInformation (/home/marlon/.vscode/extensions/octref.vetur-0.21.1/node_modules/vscode-languageclient/lib/protocolConverter.js:411:22)
	at values.map.information (/home/marlon/.vscode/extensions/octref.vetur-0.21.1/node_modules/vscode-languageclient/lib/protocolConverter.js:400:42)
	at Array.map (<anonymous>)
	at Object.asSymbolInformations (/home/marlon/.vscode/extensions/octref.vetur-0.21.1/node_modules/vscode-languageclient/lib/protocolConverter.js:400:23)
	at registerLanguageProvider.client.sendRequest.then (/home/marlon/.vscode/extensions/octref.vetur-0.21.1/node_modules/vscode-languageclient/lib/client.js:1005:62)
[2019-07-15 16:13:09.730] [exthost] [error] [octref.vetur] provider FAILED
[2019-07-15 16:13:09.730] [exthost] [error] Error: name must not be falsy
	at Function.validate (/usr/share/code/resources/app/out/vs/workbench/services/extensions/node/extensionHostProcess.js:344:724)
	at new x (/usr/share/code/resources/app/out/vs/workbench/services/extensions/node/extensionHostProcess.js:344:673)
	at new x (/usr/share/code/resources/app/out/vs/workbench/services/extensions/node/extensionHostProcess.js:333:525)
	at asSymbolInformation (/home/marlon/.vscode/extensions/octref.vetur-0.21.1/node_modules/vscode-languageclient/lib/protocolConverter.js:411:22)
	at values.map.information (/home/marlon/.vscode/extensions/octref.vetur-0.21.1/node_modules/vscode-languageclient/lib/protocolConverter.js:400:42)
	at Array.map (<anonymous>)
	at Object.asSymbolInformations (/home/marlon/.vscode/extensions/octref.vetur-0.21.1/node_modules/vscode-languageclient/lib/protocolConverter.js:400:23)
	at registerLanguageProvider.client.sendRequest.then (/home/marlon/.vscode/extensions/octref.vetur-0.21.1/node_modules/vscode-languageclient/lib/client.js:1005:62)
