Looking for git in: git
Using git 2.20.1 from git
> git rev-parse --show-toplevel
> git config --get commit.template
Open repository: /home/marlon/Desktop/resumee-2.0
> git status -z -u
> git symbolic-ref --short HEAD
> git rev-parse master
> git rev-parse --symbolic-full-name master@{u}
fatal: no upstream configured for branch 'master'
> git for-each-ref --format %(refname) %(objectname) --sort -committerdate
> git remote --verbose
> git show :src/components/ApresentaEn.vue
> git check-ignore -v -z --stdin
> git status -z -u
> git symbolic-ref --short HEAD
> git rev-parse master
> git rev-parse --symbolic-full-name master@{u}
fatal: no upstream configured for branch 'master'
> git for-each-ref --format %(refname) %(objectname) --sort -committerdate
> git remote --verbose
> git status -z -u
> git symbolic-ref --short HEAD
> git rev-parse master
> git rev-parse --symbolic-full-name master@{u}
fatal: no upstream configured for branch 'master'
> git for-each-ref --format %(refname) %(objectname) --sort -committerdate
> git remote --verbose
> git status -z -u
> git symbolic-ref --short HEAD
> git rev-parse master
> git rev-parse --symbolic-full-name master@{u}
fatal: no upstream configured for branch 'master'
> git for-each-ref --format %(refname) %(objectname) --sort -committerdate
> git remote --verbose
> git status -z -u
> git symbolic-ref --short HEAD
> git rev-parse master
> git rev-parse --symbolic-full-name master@{u}
fatal: no upstream configured for branch 'master'
> git for-each-ref --format %(refname) %(objectname) --sort -committerdate
> git remote --verbose
> git status -z -u
> git symbolic-ref --short HEAD
> git rev-parse master
> git rev-parse --symbolic-full-name master@{u}
fatal: no upstream configured for branch 'master'
> git for-each-ref --format %(refname) %(objectname) --sort -committerdate
> git remote --verbose
> git status -z -u
> git symbolic-ref --short HEAD
> git rev-parse master
> git rev-parse --symbolic-full-name master@{u}
fatal: no upstream configured for branch 'master'
> git for-each-ref --format %(refname) %(objectname) --sort -committerdate
> git remote --verbose
> git status -z -u
> git symbolic-ref --short HEAD
> git rev-parse master
> git rev-parse --symbolic-full-name master@{u}
fatal: no upstream configured for branch 'master'
> git for-each-ref --format %(refname) %(objectname) --sort -committerdate
> git remote --verbose
> git status -z -u
> git symbolic-ref --short HEAD
> git rev-parse master
> git rev-parse --symbolic-full-name master@{u}
fatal: no upstream configured for branch 'master'
> git for-each-ref --format %(refname) %(objectname) --sort -committerdate
> git remote --verbose
> git status -z -u
> git symbolic-ref --short HEAD
> git rev-parse master
> git rev-parse --symbolic-full-name master@{u}
fatal: no upstream configured for branch 'master'
> git for-each-ref --format %(refname) %(objectname) --sort -committerdate
> git remote --verbose
> git status -z -u
> git symbolic-ref --short HEAD
> git rev-parse master
> git rev-parse --symbolic-full-name master@{u}
fatal: no upstream configured for branch 'master'
> git for-each-ref --format %(refname) %(objectname) --sort -committerdate
> git remote --verbose
> git status -z -u
> git symbolic-ref --short HEAD
> git rev-parse master
> git rev-parse --symbolic-full-name master@{u}
fatal: no upstream configured for branch 'master'
> git for-each-ref --format %(refname) %(objectname) --sort -committerdate
> git remote --verbose
> git status -z -u
> git symbolic-ref --short HEAD
> git rev-parse master
> git rev-parse --symbolic-full-name master@{u}
fatal: no upstream configured for branch 'master'
> git for-each-ref --format %(refname) %(objectname) --sort -committerdate
> git remote --verbose
> git status -z -u
> git symbolic-ref --short HEAD
> git rev-parse master
> git rev-parse --symbolic-full-name master@{u}
fatal: no upstream configured for branch 'master'
> git for-each-ref --format %(refname) %(objectname) --sort -committerdate
> git remote --verbose
> git status -z -u
> git symbolic-ref --short HEAD
> git rev-parse master
> git rev-parse --symbolic-full-name master@{u}
fatal: no upstream configured for branch 'master'
> git for-each-ref --format %(refname) %(objectname) --sort -committerdate
> git remote --verbose
> git status -z -u
> git symbolic-ref --short HEAD
> git rev-parse master
> git rev-parse --symbolic-full-name master@{u}
fatal: no upstream configured for branch 'master'
> git for-each-ref --format %(refname) %(objectname) --sort -committerdate
> git remote --verbose
> git status -z -u
> git symbolic-ref --short HEAD
> git rev-parse master
> git rev-parse --symbolic-full-name master@{u}
fatal: no upstream configured for branch 'master'
> git for-each-ref --format %(refname) %(objectname) --sort -committerdate
> git remote --verbose
> git status -z -u
> git symbolic-ref --short HEAD
> git rev-parse master
> git rev-parse --symbolic-full-name master@{u}
fatal: no upstream configured for branch 'master'
> git for-each-ref --format %(refname) %(objectname) --sort -committerdate
> git remote --verbose
> git status -z -u
> git symbolic-ref --short HEAD
> git rev-parse master
> git rev-parse --symbolic-full-name master@{u}
fatal: no upstream configured for branch 'master'
> git for-each-ref --format %(refname) %(objectname) --sort -committerdate
> git remote --verbose
> git status -z -u
> git symbolic-ref --short HEAD
> git rev-parse master
> git rev-parse --symbolic-full-name master@{u}
fatal: no upstream configured for branch 'master'
> git for-each-ref --format %(refname) %(objectname) --sort -committerdate
> git remote --verbose
> git status -z -u
> git symbolic-ref --short HEAD
> git rev-parse master
> git rev-parse --symbolic-full-name master@{u}
fatal: no upstream configured for branch 'master'
> git for-each-ref --format %(refname) %(objectname) --sort -committerdate
> git remote --verbose
> git status -z -u
> git symbolic-ref --short HEAD
> git rev-parse master
> git rev-parse --symbolic-full-name master@{u}
fatal: no upstream configured for branch 'master'
> git for-each-ref --format %(refname) %(objectname) --sort -committerdate
> git remote --verbose
> git status -z -u
> git symbolic-ref --short HEAD
> git rev-parse master
> git rev-parse --symbolic-full-name master@{u}
fatal: no upstream configured for branch 'master'
> git for-each-ref --format %(refname) %(objectname) --sort -committerdate
> git remote --verbose
> git status -z -u
> git symbolic-ref --short HEAD
> git rev-parse master
> git rev-parse --symbolic-full-name master@{u}
fatal: no upstream configured for branch 'master'
> git for-each-ref --format %(refname) %(objectname) --sort -committerdate
> git remote --verbose
> git status -z -u
> git symbolic-ref --short HEAD
> git rev-parse master
> git rev-parse --symbolic-full-name master@{u}
fatal: no upstream configured for branch 'master'
> git for-each-ref --format %(refname) %(objectname) --sort -committerdate
> git remote --verbose
> git status -z -u
> git symbolic-ref --short HEAD
> git rev-parse master
> git rev-parse --symbolic-full-name master@{u}
fatal: no upstream configured for branch 'master'
> git for-each-ref --format %(refname) %(objectname) --sort -committerdate
> git remote --verbose
> git status -z -u
> git symbolic-ref --short HEAD
> git rev-parse master
> git rev-parse --symbolic-full-name master@{u}
fatal: no upstream configured for branch 'master'
> git for-each-ref --format %(refname) %(objectname) --sort -committerdate
> git remote --verbose
> git status -z -u
> git symbolic-ref --short HEAD
> git rev-parse master
> git rev-parse --symbolic-full-name master@{u}
fatal: no upstream configured for branch 'master'
> git for-each-ref --format %(refname) %(objectname) --sort -committerdate
> git remote --verbose
> git status -z -u
> git symbolic-ref --short HEAD
> git rev-parse master
> git rev-parse --symbolic-full-name master@{u}
fatal: no upstream configured for branch 'master'
> git for-each-ref --format %(refname) %(objectname) --sort -committerdate
> git remote --verbose
> git status -z -u
> git symbolic-ref --short HEAD
> git rev-parse master
> git rev-parse --symbolic-full-name master@{u}
fatal: no upstream configured for branch 'master'
> git for-each-ref --format %(refname) %(objectname) --sort -committerdate
> git remote --verbose
> git status -z -u
> git symbolic-ref --short HEAD
> git rev-parse master
> git rev-parse --symbolic-full-name master@{u}
fatal: no upstream configured for branch 'master'
> git for-each-ref --format %(refname) %(objectname) --sort -committerdate
> git remote --verbose
> git status -z -u
> git symbolic-ref --short HEAD
> git rev-parse master
> git rev-parse --symbolic-full-name master@{u}
fatal: no upstream configured for branch 'master'
> git for-each-ref --format %(refname) %(objectname) --sort -committerdate
> git remote --verbose
> git status -z -u
> git symbolic-ref --short HEAD
> git rev-parse master
> git rev-parse --symbolic-full-name master@{u}
fatal: no upstream configured for branch 'master'
> git for-each-ref --format %(refname) %(objectname) --sort -committerdate
> git remote --verbose
> git status -z -u
> git symbolic-ref --short HEAD
> git rev-parse master
> git rev-parse --symbolic-full-name master@{u}
fatal: no upstream configured for branch 'master'
> git for-each-ref --format %(refname) %(objectname) --sort -committerdate
> git remote --verbose
> git status -z -u
> git symbolic-ref --short HEAD
> git rev-parse master
> git rev-parse --symbolic-full-name master@{u}
fatal: no upstream configured for branch 'master'
> git for-each-ref --format %(refname) %(objectname) --sort -committerdate
> git remote --verbose
> git status -z -u
> git symbolic-ref --short HEAD
> git rev-parse master
> git rev-parse --symbolic-full-name master@{u}
fatal: no upstream configured for branch 'master'
> git for-each-ref --format %(refname) %(objectname) --sort -committerdate
> git remote --verbose
> git status -z -u
> git symbolic-ref --short HEAD
> git rev-parse master
> git rev-parse --symbolic-full-name master@{u}
fatal: no upstream configured for branch 'master'
> git for-each-ref --format %(refname) %(objectname) --sort -committerdate
> git remote --verbose
> git status -z -u
> git symbolic-ref --short HEAD
> git rev-parse master
> git rev-parse --symbolic-full-name master@{u}
fatal: no upstream configured for branch 'master'
> git for-each-ref --format %(refname) %(objectname) --sort -committerdate
> git remote --verbose
> git status -z -u
> git symbolic-ref --short HEAD
> git rev-parse master
> git rev-parse --symbolic-full-name master@{u}
fatal: no upstream configured for branch 'master'
> git for-each-ref --format %(refname) %(objectname) --sort -committerdate
> git remote --verbose
> git status -z -u
> git symbolic-ref --short HEAD
> git rev-parse master
> git rev-parse --symbolic-full-name master@{u}
fatal: no upstream configured for branch 'master'
> git for-each-ref --format %(refname) %(objectname) --sort -committerdate
> git remote --verbose
> git status -z -u
> git symbolic-ref --short HEAD
> git rev-parse master
> git rev-parse --symbolic-full-name master@{u}
fatal: no upstream configured for branch 'master'
> git for-each-ref --format %(refname) %(objectname) --sort -committerdate
> git remote --verbose
> git status -z -u
> git symbolic-ref --short HEAD
> git rev-parse master
> git rev-parse --symbolic-full-name master@{u}
fatal: no upstream configured for branch 'master'
> git for-each-ref --format %(refname) %(objectname) --sort -committerdate
> git remote --verbose
> git status -z -u
> git symbolic-ref --short HEAD
> git rev-parse master
> git rev-parse --symbolic-full-name master@{u}
fatal: no upstream configured for branch 'master'
> git for-each-ref --format %(refname) %(objectname) --sort -committerdate
> git remote --verbose
> git status -z -u
> git symbolic-ref --short HEAD
> git rev-parse master
> git rev-parse --symbolic-full-name master@{u}
fatal: no upstream configured for branch 'master'
> git for-each-ref --format %(refname) %(objectname) --sort -committerdate
> git remote --verbose
> git status -z -u
> git symbolic-ref --short HEAD
> git rev-parse master
> git rev-parse --symbolic-full-name master@{u}
fatal: no upstream configured for branch 'master'
> git for-each-ref --format %(refname) %(objectname) --sort -committerdate
> git remote --verbose
> git status -z -u
> git symbolic-ref --short HEAD
> git rev-parse master
> git rev-parse --symbolic-full-name master@{u}
fatal: no upstream configured for branch 'master'
> git for-each-ref --format %(refname) %(objectname) --sort -committerdate
> git remote --verbose
> git status -z -u
> git symbolic-ref --short HEAD
> git rev-parse master
> git rev-parse --symbolic-full-name master@{u}
fatal: no upstream configured for branch 'master'
> git for-each-ref --format %(refname) %(objectname) --sort -committerdate
> git remote --verbose
> git status -z -u
> git symbolic-ref --short HEAD
> git rev-parse master
> git rev-parse --symbolic-full-name master@{u}
fatal: no upstream configured for branch 'master'
> git for-each-ref --format %(refname) %(objectname) --sort -committerdate
> git remote --verbose
> git status -z -u
> git symbolic-ref --short HEAD
> git rev-parse master
> git rev-parse --symbolic-full-name master@{u}
fatal: no upstream configured for branch 'master'
> git for-each-ref --format %(refname) %(objectname) --sort -committerdate
> git remote --verbose
> git status -z -u
> git symbolic-ref --short HEAD
> git rev-parse master
> git rev-parse --symbolic-full-name master@{u}
fatal: no upstream configured for branch 'master'
> git for-each-ref --format %(refname) %(objectname) --sort -committerdate
> git remote --verbose
> git status -z -u
> git symbolic-ref --short HEAD
> git rev-parse master
> git rev-parse --symbolic-full-name master@{u}
fatal: no upstream configured for branch 'master'
> git for-each-ref --format %(refname) %(objectname) --sort -committerdate
> git remote --verbose
> git status -z -u
> git symbolic-ref --short HEAD
> git rev-parse master
> git rev-parse --symbolic-full-name master@{u}
fatal: no upstream configured for branch 'master'
> git for-each-ref --format %(refname) %(objectname) --sort -committerdate
> git remote --verbose
> git check-ignore -v -z --stdin
> git status -z -u
> git symbolic-ref --short HEAD
> git rev-parse master
> git rev-parse --symbolic-full-name master@{u}
fatal: no upstream configured for branch 'master'
> git for-each-ref --format %(refname) %(objectname) --sort -committerdate
> git remote --verbose
> git status -z -u
> git symbolic-ref --short HEAD
> git rev-parse master
> git rev-parse --symbolic-full-name master@{u}
fatal: no upstream configured for branch 'master'
> git for-each-ref --format %(refname) %(objectname) --sort -committerdate
> git remote --verbose
> git status -z -u
> git symbolic-ref --short HEAD
> git rev-parse master
> git rev-parse --symbolic-full-name master@{u}
fatal: no upstream configured for branch 'master'
> git for-each-ref --format %(refname) %(objectname) --sort -committerdate
> git remote --verbose
> git status -z -u
> git symbolic-ref --short HEAD
> git rev-parse master
> git rev-parse --symbolic-full-name master@{u}
fatal: no upstream configured for branch 'master'
> git for-each-ref --format %(refname) %(objectname) --sort -committerdate
> git remote --verbose
> git status -z -u
> git symbolic-ref --short HEAD
> git rev-parse master
> git rev-parse --symbolic-full-name master@{u}
fatal: no upstream configured for branch 'master'
> git for-each-ref --format %(refname) %(objectname) --sort -committerdate
> git remote --verbose
> git status -z -u
> git symbolic-ref --short HEAD
> git rev-parse master
> git rev-parse --symbolic-full-name master@{u}
fatal: no upstream configured for branch 'master'
> git for-each-ref --format %(refname) %(objectname) --sort -committerdate
> git remote --verbose
> git status -z -u
> git symbolic-ref --short HEAD
> git rev-parse master
> git rev-parse --symbolic-full-name master@{u}
fatal: no upstream configured for branch 'master'
> git for-each-ref --format %(refname) %(objectname) --sort -committerdate
> git remote --verbose
> git check-ignore -v -z --stdin
> git show :src/components/vue.config.js
> git ls-files --stage -- src/components/
> git status -z -u
> git symbolic-ref --short HEAD
> git rev-parse master
> git rev-parse --symbolic-full-name master@{u}
fatal: no upstream configured for branch 'master'
> git for-each-ref --format %(refname) %(objectname) --sort -committerdate
> git remote --verbose
> git status -z -u
> git symbolic-ref --short HEAD
> git rev-parse master
> git rev-parse --symbolic-full-name master@{u}
fatal: no upstream configured for branch 'master'
> git for-each-ref --format %(refname) %(objectname) --sort -committerdate
> git remote --verbose
> git status -z -u
> git symbolic-ref --short HEAD
> git rev-parse master
> git rev-parse --symbolic-full-name master@{u}
fatal: no upstream configured for branch 'master'
> git for-each-ref --format %(refname) %(objectname) --sort -committerdate
> git remote --verbose
> git status -z -u
> git symbolic-ref --short HEAD
> git rev-parse master
> git rev-parse --symbolic-full-name master@{u}
fatal: no upstream configured for branch 'master'
> git for-each-ref --format %(refname) %(objectname) --sort -committerdate
> git remote --verbose
> git status -z -u
> git symbolic-ref --short HEAD
> git rev-parse master
> git rev-parse --symbolic-full-name master@{u}
fatal: no upstream configured for branch 'master'
> git for-each-ref --format %(refname) %(objectname) --sort -committerdate
> git remote --verbose
> git status -z -u
> git symbolic-ref --short HEAD
> git rev-parse master
> git rev-parse --symbolic-full-name master@{u}
fatal: no upstream configured for branch 'master'
> git for-each-ref --format %(refname) %(objectname) --sort -committerdate
> git remote --verbose
> git status -z -u
> git symbolic-ref --short HEAD
> git rev-parse master
> git rev-parse --symbolic-full-name master@{u}
fatal: no upstream configured for branch 'master'
> git for-each-ref --format %(refname) %(objectname) --sort -committerdate
> git remote --verbose
> git status -z -u
> git symbolic-ref --short HEAD
> git rev-parse master
> git rev-parse --symbolic-full-name master@{u}
fatal: no upstream configured for branch 'master'
> git for-each-ref --format %(refname) %(objectname) --sort -committerdate
> git remote --verbose
> git status -z -u
> git symbolic-ref --short HEAD
> git rev-parse master
> git rev-parse --symbolic-full-name master@{u}
fatal: no upstream configured for branch 'master'
> git for-each-ref --format %(refname) %(objectname) --sort -committerdate
> git remote --verbose
> git show :src/pages/HomeEn.vue
> git status -z -u
> git symbolic-ref --short HEAD
> git rev-parse master
> git rev-parse --symbolic-full-name master@{u}
fatal: no upstream configured for branch 'master'
> git for-each-ref --format %(refname) %(objectname) --sort -committerdate
> git remote --verbose
> git status -z -u
> git symbolic-ref --short HEAD
> git rev-parse master
> git rev-parse --symbolic-full-name master@{u}
fatal: no upstream configured for branch 'master'
> git for-each-ref --format %(refname) %(objectname) --sort -committerdate
> git remote --verbose
> git status -z -u
> git symbolic-ref --short HEAD
> git rev-parse master
> git rev-parse --symbolic-full-name master@{u}
fatal: no upstream configured for branch 'master'
> git for-each-ref --format %(refname) %(objectname) --sort -committerdate
> git remote --verbose
> git status -z -u
> git symbolic-ref --short HEAD
> git rev-parse master
> git rev-parse --symbolic-full-name master@{u}
fatal: no upstream configured for branch 'master'
> git for-each-ref --format %(refname) %(objectname) --sort -committerdate
> git remote --verbose
> git show :src/components/DataEn.vue
> git status -z -u
> git symbolic-ref --short HEAD
> git rev-parse master
> git rev-parse --symbolic-full-name master@{u}
fatal: no upstream configured for branch 'master'
> git for-each-ref --format %(refname) %(objectname) --sort -committerdate
> git remote --verbose
> git show :src/pages/HomeEn.vue
> git show :src/pages/ExpEn.vue
> git status -z -u
> git symbolic-ref --short HEAD
> git rev-parse master
> git rev-parse --symbolic-full-name master@{u}
fatal: no upstream configured for branch 'master'
> git for-each-ref --format %(refname) %(objectname) --sort -committerdate
> git remote --verbose
> git status -z -u
> git symbolic-ref --short HEAD
> git rev-parse master
> git rev-parse --symbolic-full-name master@{u}
fatal: no upstream configured for branch 'master'
> git for-each-ref --format %(refname) %(objectname) --sort -committerdate
> git remote --verbose
> git status -z -u
> git symbolic-ref --short HEAD
> git rev-parse master
> git rev-parse --symbolic-full-name master@{u}
fatal: no upstream configured for branch 'master'
> git for-each-ref --format %(refname) %(objectname) --sort -committerdate
> git remote --verbose
> git show :src/pages/HomeEn.vue
> git status -z -u
> git symbolic-ref --short HEAD
> git rev-parse master
> git rev-parse --symbolic-full-name master@{u}
fatal: no upstream configured for branch 'master'
> git for-each-ref --format %(refname) %(objectname) --sort -committerdate
> git remote --verbose
> git status -z -u
> git symbolic-ref --short HEAD
> git rev-parse master
> git rev-parse --symbolic-full-name master@{u}
fatal: no upstream configured for branch 'master'
> git for-each-ref --format %(refname) %(objectname) --sort -committerdate
> git remote --verbose
> git show :src/components/vue.config.js
> git ls-files --stage -- src/components/
> git status -z -u
> git symbolic-ref --short HEAD
> git rev-parse master
> git rev-parse --symbolic-full-name master@{u}
fatal: no upstream configured for branch 'master'
> git for-each-ref --format %(refname) %(objectname) --sort -committerdate
> git remote --verbose
> git show :.gitignore
> git status -z -u
> git symbolic-ref --short HEAD
> git rev-parse master
> git rev-parse --symbolic-full-name master@{u}
fatal: no upstream configured for branch 'master'
> git for-each-ref --format %(refname) %(objectname) --sort -committerdate
> git remote --verbose
> git status -z -u
> git symbolic-ref --short HEAD
> git rev-parse master
> git rev-parse --symbolic-full-name master@{u}
fatal: no upstream configured for branch 'master'
> git for-each-ref --format %(refname) %(objectname) --sort -committerdate
> git remote --verbose
> git status -z -u
> git symbolic-ref --short HEAD
> git rev-parse master
> git rev-parse --symbolic-full-name master@{u}
fatal: no upstream configured for branch 'master'
> git for-each-ref --format %(refname) %(objectname) --sort -committerdate
> git remote --verbose
> git status -z -u
> git symbolic-ref --short HEAD
> git rev-parse master
> git rev-parse --symbolic-full-name master@{u}
fatal: no upstream configured for branch 'master'
> git for-each-ref --format %(refname) %(objectname) --sort -committerdate
> git remote --verbose
> git status -z -u
> git symbolic-ref --short HEAD
> git rev-parse master
> git rev-parse --symbolic-full-name master@{u}
fatal: no upstream configured for branch 'master'
> git for-each-ref --format %(refname) %(objectname) --sort -committerdate
> git remote --verbose
> git check-ignore -v -z --stdin
> git status -z -u
> git symbolic-ref --short HEAD
> git rev-parse master
> git rev-parse --symbolic-full-name master@{u}
fatal: no upstream configured for branch 'master'
> git for-each-ref --format %(refname) %(objectname) --sort -committerdate
> git remote --verbose
> git show :.gitignore
> git status -z -u
> git symbolic-ref --short HEAD
> git rev-parse master
> git rev-parse --symbolic-full-name master@{u}
fatal: no upstream configured for branch 'master'
> git for-each-ref --format %(refname) %(objectname) --sort -committerdate
> git remote --verbose
> git status -z -u
> git symbolic-ref --short HEAD
> git rev-parse master
> git rev-parse --symbolic-full-name master@{u}
fatal: no upstream configured for branch 'master'
> git for-each-ref --format %(refname) %(objectname) --sort -committerdate
> git remote --verbose
> git status -z -u
> git symbolic-ref --short HEAD
> git rev-parse master
> git rev-parse --symbolic-full-name master@{u}
fatal: no upstream configured for branch 'master'
> git for-each-ref --format %(refname) %(objectname) --sort -committerdate
> git remote --verbose
> git status -z -u
> git symbolic-ref --short HEAD
> git rev-parse master
> git rev-parse --symbolic-full-name master@{u}
fatal: no upstream configured for branch 'master'
> git for-each-ref --format %(refname) %(objectname) --sort -committerdate
> git remote --verbose
> git status -z -u
> git symbolic-ref --short HEAD
> git rev-parse master
> git rev-parse --symbolic-full-name master@{u}
fatal: no upstream configured for branch 'master'
> git for-each-ref --format %(refname) %(objectname) --sort -committerdate
> git remote --verbose
> git status -z -u
> git symbolic-ref --short HEAD
> git rev-parse master
> git rev-parse --symbolic-full-name master@{u}
fatal: no upstream configured for branch 'master'
> git for-each-ref --format %(refname) %(objectname) --sort -committerdate
> git remote --verbose
> git status -z -u
> git symbolic-ref --short HEAD
> git rev-parse master
> git rev-parse --symbolic-full-name master@{u}
fatal: no upstream configured for branch 'master'
> git for-each-ref --format %(refname) %(objectname) --sort -committerdate
> git remote --verbose
> git status -z -u
> git symbolic-ref --short HEAD
> git rev-parse master
> git rev-parse --symbolic-full-name master@{u}
fatal: no upstream configured for branch 'master'
> git for-each-ref --format %(refname) %(objectname) --sort -committerdate
> git remote --verbose
> git status -z -u
> git symbolic-ref --short HEAD
> git rev-parse master
> git rev-parse --symbolic-full-name master@{u}
fatal: no upstream configured for branch 'master'
> git for-each-ref --format %(refname) %(objectname) --sort -committerdate
> git remote --verbose
> git status -z -u
> git symbolic-ref --short HEAD
> git rev-parse master
> git rev-parse --symbolic-full-name master@{u}
fatal: no upstream configured for branch 'master'
> git for-each-ref --format %(refname) %(objectname) --sort -committerdate
> git remote --verbose
> git status -z -u
> git symbolic-ref --short HEAD
> git rev-parse master
> git rev-parse --symbolic-full-name master@{u}
fatal: no upstream configured for branch 'master'
> git for-each-ref --format %(refname) %(objectname) --sort -committerdate
> git remote --verbose
> git status -z -u
> git symbolic-ref --short HEAD
> git rev-parse master
> git rev-parse --symbolic-full-name master@{u}
fatal: no upstream configured for branch 'master'
> git for-each-ref --format %(refname) %(objectname) --sort -committerdate
> git remote --verbose
> git status -z -u
> git symbolic-ref --short HEAD
> git rev-parse master
> git rev-parse --symbolic-full-name master@{u}
fatal: no upstream configured for branch 'master'
> git for-each-ref --format %(refname) %(objectname) --sort -committerdate
> git remote --verbose
> git status -z -u
> git symbolic-ref --short HEAD
> git rev-parse master
> git rev-parse --symbolic-full-name master@{u}
fatal: no upstream configured for branch 'master'
> git for-each-ref --format %(refname) %(objectname) --sort -committerdate
> git remote --verbose
> git status -z -u
> git symbolic-ref --short HEAD
> git rev-parse master
> git rev-parse --symbolic-full-name master@{u}
fatal: no upstream configured for branch 'master'
> git for-each-ref --format %(refname) %(objectname) --sort -committerdate
> git remote --verbose
> git status -z -u
> git symbolic-ref --short HEAD
> git rev-parse master
> git rev-parse --symbolic-full-name master@{u}
fatal: no upstream configured for branch 'master'
> git for-each-ref --format %(refname) %(objectname) --sort -committerdate
> git remote --verbose
> git status -z -u
> git symbolic-ref --short HEAD
> git rev-parse master
> git rev-parse --symbolic-full-name master@{u}
fatal: no upstream configured for branch 'master'
> git for-each-ref --format %(refname) %(objectname) --sort -committerdate
> git remote --verbose
> git status -z -u
> git symbolic-ref --short HEAD
> git rev-parse master
> git rev-parse --symbolic-full-name master@{u}
fatal: no upstream configured for branch 'master'
> git for-each-ref --format %(refname) %(objectname) --sort -committerdate
> git remote --verbose
> git status -z -u
> git symbolic-ref --short HEAD
> git rev-parse master
> git rev-parse --symbolic-full-name master@{u}
fatal: no upstream configured for branch 'master'
> git for-each-ref --format %(refname) %(objectname) --sort -committerdate
> git remote --verbose
> git status -z -u
> git symbolic-ref --short HEAD
> git rev-parse master
> git rev-parse --symbolic-full-name master@{u}
fatal: no upstream configured for branch 'master'
> git for-each-ref --format %(refname) %(objectname) --sort -committerdate
> git remote --verbose
> git status -z -u
> git symbolic-ref --short HEAD
> git rev-parse master
> git rev-parse --symbolic-full-name master@{u}
fatal: no upstream configured for branch 'master'
> git for-each-ref --format %(refname) %(objectname) --sort -committerdate
> git remote --verbose
> git status -z -u
> git symbolic-ref --short HEAD
> git rev-parse master
> git rev-parse --symbolic-full-name master@{u}
fatal: no upstream configured for branch 'master'
> git for-each-ref --format %(refname) %(objectname) --sort -committerdate
> git remote --verbose
> git status -z -u
> git symbolic-ref --short HEAD
> git rev-parse master
> git rev-parse --symbolic-full-name master@{u}
fatal: no upstream configured for branch 'master'
> git for-each-ref --format %(refname) %(objectname) --sort -committerdate
> git remote --verbose
> git status -z -u
> git symbolic-ref --short HEAD
> git rev-parse master
> git rev-parse --symbolic-full-name master@{u}
fatal: no upstream configured for branch 'master'
> git for-each-ref --format %(refname) %(objectname) --sort -committerdate
> git remote --verbose
> git status -z -u
> git symbolic-ref --short HEAD
> git rev-parse master
> git rev-parse --symbolic-full-name master@{u}
fatal: no upstream configured for branch 'master'
> git for-each-ref --format %(refname) %(objectname) --sort -committerdate
> git remote --verbose
> git status -z -u
> git symbolic-ref --short HEAD
> git rev-parse master
> git rev-parse --symbolic-full-name master@{u}
fatal: no upstream configured for branch 'master'
> git for-each-ref --format %(refname) %(objectname) --sort -committerdate
> git remote --verbose
> git status -z -u
> git symbolic-ref --short HEAD
> git rev-parse master
> git rev-parse --symbolic-full-name master@{u}
fatal: no upstream configured for branch 'master'
> git for-each-ref --format %(refname) %(objectname) --sort -committerdate
> git remote --verbose
> git status -z -u
> git symbolic-ref --short HEAD
> git rev-parse master
> git rev-parse --symbolic-full-name master@{u}
fatal: no upstream configured for branch 'master'
> git for-each-ref --format %(refname) %(objectname) --sort -committerdate
> git remote --verbose
> git status -z -u
> git symbolic-ref --short HEAD
> git rev-parse master
> git rev-parse --symbolic-full-name master@{u}
fatal: no upstream configured for branch 'master'
> git for-each-ref --format %(refname) %(objectname) --sort -committerdate
> git remote --verbose
> git status -z -u
> git symbolic-ref --short HEAD
> git rev-parse master
> git rev-parse --symbolic-full-name master@{u}
fatal: no upstream configured for branch 'master'
> git for-each-ref --format %(refname) %(objectname) --sort -committerdate
> git remote --verbose
> git check-ignore -v -z --stdin
> git status -z -u
> git symbolic-ref --short HEAD
> git rev-parse master
> git rev-parse --symbolic-full-name master@{u}
fatal: no upstream configured for branch 'master'
> git for-each-ref --format %(refname) %(objectname) --sort -committerdate
> git remote --verbose
> git add -A -- .
> git status -z -u
> git symbolic-ref --short HEAD
> git rev-parse master
> git rev-parse --symbolic-full-name master@{u}
fatal: no upstream configured for branch 'master'
> git for-each-ref --format %(refname) %(objectname) --sort -committerdate
> git remote --verbose
> git show :.gitignore
> git status -z -u
> git symbolic-ref --short HEAD
> git rev-parse master
> git rev-parse --symbolic-full-name master@{u}
fatal: no upstream configured for branch 'master'
> git for-each-ref --format %(refname) %(objectname) --sort -committerdate
> git remote --verbose
> git status -z -u
> git symbolic-ref --short HEAD
> git rev-parse master
> git rev-parse --symbolic-full-name master@{u}
fatal: no upstream configured for branch 'master'
> git for-each-ref --format %(refname) %(objectname) --sort -committerdate
> git remote --verbose
> git status -z -u
> git symbolic-ref --short HEAD
> git rev-parse master
> git rev-parse --symbolic-full-name master@{u}
fatal: no upstream configured for branch 'master'
> git for-each-ref --format %(refname) %(objectname) --sort -committerdate
> git remote --verbose
> git status -z -u
> git symbolic-ref --short HEAD
> git rev-parse master
> git rev-parse --symbolic-full-name master@{u}
fatal: no upstream configured for branch 'master'
> git for-each-ref --format %(refname) %(objectname) --sort -committerdate
> git remote --verbose
> git status -z -u
> git symbolic-ref --short HEAD
> git rev-parse master
> git rev-parse --symbolic-full-name master@{u}
fatal: no upstream configured for branch 'master'
> git for-each-ref --format %(refname) %(objectname) --sort -committerdate
> git remote --verbose
> git status -z -u
> git symbolic-ref --short HEAD
> git rev-parse master
> git rev-parse --symbolic-full-name master@{u}
fatal: no upstream configured for branch 'master'
> git for-each-ref --format %(refname) %(objectname) --sort -committerdate
> git remote --verbose
> git status -z -u
> git symbolic-ref --short HEAD
> git rev-parse master
> git rev-parse --symbolic-full-name master@{u}
fatal: no upstream configured for branch 'master'
> git for-each-ref --format %(refname) %(objectname) --sort -committerdate
> git remote --verbose
> git status -z -u
> git symbolic-ref --short HEAD
> git rev-parse master
> git rev-parse --symbolic-full-name master@{u}
fatal: no upstream configured for branch 'master'
> git for-each-ref --format %(refname) %(objectname) --sort -committerdate
> git remote --verbose
> git status -z -u
> git symbolic-ref --short HEAD
> git rev-parse master
> git rev-parse --symbolic-full-name master@{u}
fatal: no upstream configured for branch 'master'
> git for-each-ref --format %(refname) %(objectname) --sort -committerdate
> git remote --verbose
> git status -z -u
> git symbolic-ref --short HEAD
> git rev-parse master
> git rev-parse --symbolic-full-name master@{u}
fatal: no upstream configured for branch 'master'
> git for-each-ref --format %(refname) %(objectname) --sort -committerdate
> git remote --verbose
> git checkout -q -b gh-pages --no-track HEAD
> git status -z -u
> git symbolic-ref --short HEAD
> git rev-parse gh-pages
> git rev-parse --symbolic-full-name gh-pages@{u}
fatal: no upstream configured for branch 'gh-pages'
> git for-each-ref --format %(refname) %(objectname) --sort -committerdate
> git remote --verbose
> git status -z -u
> git symbolic-ref --short HEAD
> git rev-parse gh-pages
> git rev-parse --symbolic-full-name gh-pages@{u}
fatal: no upstream configured for branch 'gh-pages'
> git for-each-ref --format %(refname) %(objectname) --sort -committerdate
> git remote --verbose
> git show :.gitignore
> git show :.gitignore
> git status -z -u
> git symbolic-ref --short HEAD
> git rev-parse gh-pages
> git rev-parse --symbolic-full-name gh-pages@{u}
fatal: no upstream configured for branch 'gh-pages'
> git for-each-ref --format %(refname) %(objectname) --sort -committerdate
> git remote --verbose
> git check-ignore -v -z --stdin
> git status -z -u
> git symbolic-ref --short HEAD
> git rev-parse gh-pages
> git rev-parse --symbolic-full-name gh-pages@{u}
fatal: no upstream configured for branch 'gh-pages'
> git for-each-ref --format %(refname) %(objectname) --sort -committerdate
> git remote --verbose
> git status -z -u
> git symbolic-ref --short HEAD
> git rev-parse gh-pages
> git rev-parse --symbolic-full-name gh-pages@{u}
fatal: no upstream configured for branch 'gh-pages'
> git for-each-ref --format %(refname) %(objectname) --sort -committerdate
> git remote --verbose
> git check-ignore -v -z --stdin
> git check-ignore -v -z --stdin
> git status -z -u
> git symbolic-ref --short HEAD
> git rev-parse gh-pages
> git rev-parse --symbolic-full-name gh-pages@{u}
fatal: no upstream configured for branch 'gh-pages'
> git for-each-ref --format %(refname) %(objectname) --sort -committerdate
> git remote --verbose
> git status -z -u
> git symbolic-ref --short HEAD
> git rev-parse gh-pages
> git rev-parse --symbolic-full-name gh-pages@{u}
fatal: no upstream configured for branch 'gh-pages'
> git for-each-ref --format %(refname) %(objectname) --sort -committerdate
> git remote --verbose
> git check-ignore -v -z --stdin
> git status -z -u
> git symbolic-ref --short HEAD
> git rev-parse gh-pages
> git rev-parse --symbolic-full-name gh-pages@{u}
fatal: no upstream configured for branch 'gh-pages'
> git for-each-ref --format %(refname) %(objectname) --sort -committerdate
> git remote --verbose
> git status -z -u
> git symbolic-ref --short HEAD
> git rev-parse gh-pages
> git rev-parse --symbolic-full-name gh-pages@{u}
fatal: no upstream configured for branch 'gh-pages'
> git for-each-ref --format %(refname) %(objectname) --sort -committerdate
> git remote --verbose
> git status -z -u
> git symbolic-ref --short HEAD
> git rev-parse gh-pages
> git rev-parse --symbolic-full-name gh-pages@{u}
fatal: no upstream configured for branch 'gh-pages'
> git for-each-ref --format %(refname) %(objectname) --sort -committerdate
> git remote --verbose
> git status -z -u
> git symbolic-ref --short HEAD
> git rev-parse gh-pages
> git rev-parse --symbolic-full-name gh-pages@{u}
fatal: no upstream configured for branch 'gh-pages'
> git for-each-ref --format %(refname) %(objectname) --sort -committerdate
> git remote --verbose
> git status -z -u
> git symbolic-ref --short HEAD
> git rev-parse gh-pages
> git rev-parse --symbolic-full-name gh-pages@{u}
fatal: no upstream configured for branch 'gh-pages'
> git for-each-ref --format %(refname) %(objectname) --sort -committerdate
> git remote --verbose
> git status -z -u
> git symbolic-ref --short HEAD
> git rev-parse gh-pages
> git rev-parse --symbolic-full-name gh-pages@{u}
fatal: no upstream configured for branch 'gh-pages'
> git for-each-ref --format %(refname) %(objectname) --sort -committerdate
> git remote --verbose
> git show :src/components/vue.config.js
> git status -z -u
> git symbolic-ref --short HEAD
> git rev-parse gh-pages
> git rev-parse --symbolic-full-name gh-pages@{u}
fatal: no upstream configured for branch 'gh-pages'
> git for-each-ref --format %(refname) %(objectname) --sort -committerdate
> git remote --verbose
> git check-ignore -v -z --stdin
> git status -z -u
> git symbolic-ref --short HEAD
> git rev-parse gh-pages
> git rev-parse --symbolic-full-name gh-pages@{u}
fatal: no upstream configured for branch 'gh-pages'
> git for-each-ref --format %(refname) %(objectname) --sort -committerdate
> git remote --verbose
> git status -z -u
> git symbolic-ref --short HEAD
> git rev-parse gh-pages
> git rev-parse --symbolic-full-name gh-pages@{u}
fatal: no upstream configured for branch 'gh-pages'
> git for-each-ref --format %(refname) %(objectname) --sort -committerdate
> git remote --verbose
> git status -z -u
> git symbolic-ref --short HEAD
> git rev-parse gh-pages
> git rev-parse --symbolic-full-name gh-pages@{u}
fatal: no upstream configured for branch 'gh-pages'
> git for-each-ref --format %(refname) %(objectname) --sort -committerdate
> git remote --verbose
> git status -z -u
> git symbolic-ref --short HEAD
> git rev-parse gh-pages
> git rev-parse --symbolic-full-name gh-pages@{u}
fatal: no upstream configured for branch 'gh-pages'
> git for-each-ref --format %(refname) %(objectname) --sort -committerdate
> git remote --verbose
> git status -z -u
> git symbolic-ref --short HEAD
> git rev-parse gh-pages
> git rev-parse --symbolic-full-name gh-pages@{u}
fatal: no upstream configured for branch 'gh-pages'
> git for-each-ref --format %(refname) %(objectname) --sort -committerdate
> git remote --verbose
> git status -z -u
> git symbolic-ref --short HEAD
> git rev-parse gh-pages
> git rev-parse --symbolic-full-name gh-pages@{u}
fatal: no upstream configured for branch 'gh-pages'
> git for-each-ref --format %(refname) %(objectname) --sort -committerdate
> git remote --verbose
> git status -z -u
> git symbolic-ref --short HEAD
> git rev-parse gh-pages
> git rev-parse --symbolic-full-name gh-pages@{u}
fatal: no upstream configured for branch 'gh-pages'
> git for-each-ref --format %(refname) %(objectname) --sort -committerdate
> git remote --verbose
> git status -z -u
> git symbolic-ref --short HEAD
> git rev-parse gh-pages
> git rev-parse --symbolic-full-name gh-pages@{u}
fatal: no upstream configured for branch 'gh-pages'
> git for-each-ref --format %(refname) %(objectname) --sort -committerdate
> git remote --verbose
> git add -A -- .
> git status -z -u
> git symbolic-ref --short HEAD
> git rev-parse gh-pages
> git rev-parse --symbolic-full-name gh-pages@{u}
fatal: no upstream configured for branch 'gh-pages'
> git for-each-ref --format %(refname) %(objectname) --sort -committerdate
> git remote --verbose
> git show :src/components/vue.config.js
> git status -z -u
> git symbolic-ref --short HEAD
> git rev-parse gh-pages
> git rev-parse --symbolic-full-name gh-pages@{u}
fatal: no upstream configured for branch 'gh-pages'
> git for-each-ref --format %(refname) %(objectname) --sort -committerdate
> git remote --verbose
> git status -z -u
> git symbolic-ref --short HEAD
> git rev-parse gh-pages
> git rev-parse --symbolic-full-name gh-pages@{u}
fatal: no upstream configured for branch 'gh-pages'
> git for-each-ref --format %(refname) %(objectname) --sort -committerdate
> git remote --verbose
> git status -z -u
> git symbolic-ref --short HEAD
> git rev-parse gh-pages
> git rev-parse --symbolic-full-name gh-pages@{u}
fatal: no upstream configured for branch 'gh-pages'
> git for-each-ref --format %(refname) %(objectname) --sort -committerdate
> git remote --verbose
> git check-ignore -v -z --stdin
> git commit --quiet --allow-empty-message --file -
> git status -z -u
> git symbolic-ref --short HEAD
> git rev-parse gh-pages
> git rev-parse --symbolic-full-name gh-pages@{u}
fatal: no upstream configured for branch 'gh-pages'
> git for-each-ref --format %(refname) %(objectname) --sort -committerdate
> git remote --verbose
> git status -z -u
> git symbolic-ref --short HEAD
> git rev-parse gh-pages
> git rev-parse --symbolic-full-name gh-pages@{u}
fatal: no upstream configured for branch 'gh-pages'
> git for-each-ref --format %(refname) %(objectname) --sort -committerdate
> git remote --verbose
> git show :src/components/vue.config.js
> git push -u origin gh-pages
To https://github.com/marlonveiga-santos/resume-2.0.git
 ! [rejected]        gh-pages -> gh-pages (non-fast-forward)
error: failed to push some refs to 'https://github.com/marlonveiga-santos/resume-2.0.git'
hint: Updates were rejected because the tip of your current branch is behind
hint: its remote counterpart. Integrate the remote changes (e.g.
hint: 'git pull ...') before pushing again.
hint: See the 'Note about fast-forwards' in 'git push --help' for details.
> git status -z -u
> git symbolic-ref --short HEAD
> git rev-parse gh-pages
> git rev-parse --symbolic-full-name gh-pages@{u}
fatal: no upstream configured for branch 'gh-pages'
> git for-each-ref --format %(refname) %(objectname) --sort -committerdate
> git remote --verbose
> git status -z -u
> git symbolic-ref --short HEAD
> git rev-parse gh-pages
> git rev-parse --symbolic-full-name gh-pages@{u}
fatal: no upstream configured for branch 'gh-pages'
> git for-each-ref --format %(refname) %(objectname) --sort -committerdate
> git remote --verbose
> git status -z -u
> git symbolic-ref --short HEAD
> git rev-parse gh-pages
> git rev-parse --symbolic-full-name gh-pages@{u}
fatal: no upstream configured for branch 'gh-pages'
> git for-each-ref --format %(refname) %(objectname) --sort -committerdate
> git remote --verbose
> git push origin gh-pages
To https://github.com/marlonveiga-santos/resume-2.0.git
 ! [rejected]        gh-pages -> gh-pages (non-fast-forward)
error: failed to push some refs to 'https://github.com/marlonveiga-santos/resume-2.0.git'
hint: Updates were rejected because the tip of your current branch is behind
hint: its remote counterpart. Integrate the remote changes (e.g.
hint: 'git pull ...') before pushing again.
hint: See the 'Note about fast-forwards' in 'git push --help' for details.
> git status -z -u
> git symbolic-ref --short HEAD
> git rev-parse gh-pages
> git rev-parse --symbolic-full-name gh-pages@{u}
fatal: no upstream configured for branch 'gh-pages'
> git for-each-ref --format %(refname) %(objectname) --sort -committerdate
> git remote --verbose
> git status -z -u
> git symbolic-ref --short HEAD
> git rev-parse gh-pages
> git rev-parse --symbolic-full-name gh-pages@{u}
fatal: no upstream configured for branch 'gh-pages'
> git for-each-ref --format %(refname) %(objectname) --sort -committerdate
> git remote --verbose
> git pull --tags
There is no tracking information for the current branch.
Please specify which branch you want to merge with.
See git-pull(1) for details.

    git pull <remote> <branch>

If you wish to set tracking information for this branch you can do so with:

    git branch --set-upstream-to=origin/<branch> gh-pages
> git show :src/components/vue.config.js
> git status -z -u
> git symbolic-ref --short HEAD
> git rev-parse gh-pages
> git rev-parse --symbolic-full-name gh-pages@{u}
fatal: no upstream configured for branch 'gh-pages'
> git for-each-ref --format %(refname) %(objectname) --sort -committerdate
> git remote --verbose
> git ls-tree -l HEAD -- /home/marlon/Desktop/resumee-2.0/logs/20190717T145032/exthost1/output_logging_20190717T145056/1-Git.log
> git show 9e878668722d994f740768767980a240b157ebac
> git show HEAD:logs/20190717T145032/exthost1/output_logging_20190717T145056/1-Git.log
> git status -z -u
> git symbolic-ref --short HEAD
> git rev-parse gh-pages
> git rev-parse --symbolic-full-name gh-pages@{u}
fatal: no upstream configured for branch 'gh-pages'
> git for-each-ref --format %(refname) %(objectname) --sort -committerdate
> git remote --verbose
> git check-ignore -v -z --stdin
> git status -z -u
> git symbolic-ref --short HEAD
> git rev-parse gh-pages
> git rev-parse --symbolic-full-name gh-pages@{u}
fatal: no upstream configured for branch 'gh-pages'
> git for-each-ref --format %(refname) %(objectname) --sort -committerdate
> git remote --verbose
> git show :src/components/vue.config.js
> git status -z -u
> git symbolic-ref --short HEAD
> git rev-parse gh-pages
> git rev-parse --symbolic-full-name gh-pages@{u}
fatal: no upstream configured for branch 'gh-pages'
> git for-each-ref --format %(refname) %(objectname) --sort -committerdate
> git remote --verbose
> git status -z -u
> git symbolic-ref --short HEAD
> git rev-parse gh-pages
> git rev-parse --symbolic-full-name gh-pages@{u}
fatal: no upstream configured for branch 'gh-pages'
> git for-each-ref --format %(refname) %(objectname) --sort -committerdate
> git remote --verbose
> git status -z -u
> git symbolic-ref --short HEAD
> git rev-parse gh-pages
> git rev-parse --symbolic-full-name gh-pages@{u}
fatal: no upstream configured for branch 'gh-pages'
> git for-each-ref --format %(refname) %(objectname) --sort -committerdate
> git remote --verbose
> git status -z -u
> git symbolic-ref --short HEAD
> git rev-parse gh-pages
> git rev-parse --symbolic-full-name gh-pages@{u}
fatal: no upstream configured for branch 'gh-pages'
> git for-each-ref --format %(refname) %(objectname) --sort -committerdate
> git remote --verbose
> git add -A -- .
> git status -z -u
> git symbolic-ref --short HEAD
> git rev-parse gh-pages
> git rev-parse --symbolic-full-name gh-pages@{u}
fatal: no upstream configured for branch 'gh-pages'
> git for-each-ref --format %(refname) %(objectname) --sort -committerdate
> git remote --verbose
> git status -z -u
> git symbolic-ref --short HEAD
> git rev-parse gh-pages
> git rev-parse --symbolic-full-name gh-pages@{u}
fatal: no upstream configured for branch 'gh-pages'
> git for-each-ref --format %(refname) %(objectname) --sort -committerdate
> git remote --verbose
> git status -z -u
> git symbolic-ref --short HEAD
> git rev-parse gh-pages
> git rev-parse --symbolic-full-name gh-pages@{u}
fatal: no upstream configured for branch 'gh-pages'
> git for-each-ref --format %(refname) %(objectname) --sort -committerdate
> git remote --verbose
> git show :src/components/vue.config.js
> git status -z -u
> git symbolic-ref --short HEAD
> git rev-parse gh-pages
> git rev-parse --symbolic-full-name gh-pages@{u}
fatal: no upstream configured for branch 'gh-pages'
> git for-each-ref --format %(refname) %(objectname) --sort -committerdate
> git remote --verbose
> git show :package.json
> git show :package-lock.json
> git status -z -u
> git symbolic-ref --short HEAD
> git rev-parse gh-pages
> git rev-parse --symbolic-full-name gh-pages@{u}
fatal: no upstream configured for branch 'gh-pages'
> git for-each-ref --format %(refname) %(objectname) --sort -committerdate
> git remote --verbose
> git show :languagepacks.json
> git status -z -u
> git symbolic-ref --short HEAD
> git rev-parse gh-pages
> git rev-parse --symbolic-full-name gh-pages@{u}
fatal: no upstream configured for branch 'gh-pages'
> git for-each-ref --format %(refname) %(objectname) --sort -committerdate
> git remote --verbose
> git show :storage.json
> git status -z -u
> git symbolic-ref --short HEAD
> git rev-parse gh-pages
> git rev-parse --symbolic-full-name gh-pages@{u}
fatal: no upstream configured for branch 'gh-pages'
> git for-each-ref --format %(refname) %(objectname) --sort -committerdate
> git remote --verbose
> git show :babel.config.js
> git show :1.35.1-shared.sock
> git ls-files --stage -- ./
> git show :1.35.1-main.sock
> git ls-files --stage -- ./
> git status -z -u
> git symbolic-ref --short HEAD
> git rev-parse gh-pages
> git rev-parse --symbolic-full-name gh-pages@{u}
fatal: no upstream configured for branch 'gh-pages'
> git for-each-ref --format %(refname) %(objectname) --sort -committerdate
> git remote --verbose
> git show :.gitignore
> git status -z -u
> git symbolic-ref --short HEAD
> git rev-parse gh-pages
> git rev-parse --symbolic-full-name gh-pages@{u}
fatal: no upstream configured for branch 'gh-pages'
> git for-each-ref --format %(refname) %(objectname) --sort -committerdate
> git remote --verbose
> git check-ignore -v -z --stdin
> git status -z -u
> git symbolic-ref --short HEAD
> git rev-parse gh-pages
> git rev-parse --symbolic-full-name gh-pages@{u}
fatal: no upstream configured for branch 'gh-pages'
> git for-each-ref --format %(refname) %(objectname) --sort -committerdate
> git remote --verbose
> git show :package.json
> git status -z -u
> git symbolic-ref --short HEAD
> git rev-parse gh-pages
> git rev-parse --symbolic-full-name gh-pages@{u}
fatal: no upstream configured for branch 'gh-pages'
> git for-each-ref --format %(refname) %(objectname) --sort -committerdate
> git remote --verbose
> git status -z -u
> git symbolic-ref --short HEAD
> git rev-parse gh-pages
> git rev-parse --symbolic-full-name gh-pages@{u}
fatal: no upstream configured for branch 'gh-pages'
> git for-each-ref --format %(refname) %(objectname) --sort -committerdate
> git remote --verbose
> git status -z -u
> git symbolic-ref --short HEAD
> git rev-parse gh-pages
> git rev-parse --symbolic-full-name gh-pages@{u}
fatal: no upstream configured for branch 'gh-pages'
> git for-each-ref --format %(refname) %(objectname) --sort -committerdate
> git remote --verbose
> git status -z -u
> git symbolic-ref --short HEAD
> git rev-parse gh-pages
> git rev-parse --symbolic-full-name gh-pages@{u}
fatal: no upstream configured for branch 'gh-pages'
> git for-each-ref --format %(refname) %(objectname) --sort -committerdate
> git remote --verbose
> git status -z -u
> git symbolic-ref --short HEAD
> git rev-parse gh-pages
> git rev-parse --symbolic-full-name gh-pages@{u}
fatal: no upstream configured for branch 'gh-pages'
> git for-each-ref --format %(refname) %(objectname) --sort -committerdate
> git remote --verbose
> git status -z -u
> git symbolic-ref --short HEAD
> git rev-parse gh-pages
> git rev-parse --symbolic-full-name gh-pages@{u}
fatal: no upstream configured for branch 'gh-pages'
> git for-each-ref --format %(refname) %(objectname) --sort -committerdate
> git remote --verbose
> git status -z -u
> git symbolic-ref --short HEAD
> git rev-parse gh-pages
> git rev-parse --symbolic-full-name gh-pages@{u}
fatal: no upstream configured for branch 'gh-pages'
> git for-each-ref --format %(refname) %(objectname) --sort -committerdate
> git remote --verbose
> git status -z -u
> git symbolic-ref --short HEAD
> git rev-parse gh-pages
> git rev-parse --symbolic-full-name gh-pages@{u}
fatal: no upstream configured for branch 'gh-pages'
> git for-each-ref --format %(refname) %(objectname) --sort -committerdate
> git remote --verbose
> git status -z -u
> git symbolic-ref --short HEAD
> git rev-parse gh-pages
> git rev-parse --symbolic-full-name gh-pages@{u}
fatal: no upstream configured for branch 'gh-pages'
> git for-each-ref --format %(refname) %(objectname) --sort -committerdate
> git remote --verbose
> git status -z -u
> git symbolic-ref --short HEAD
> git rev-parse gh-pages
> git rev-parse --symbolic-full-name gh-pages@{u}
fatal: no upstream configured for branch 'gh-pages'
> git for-each-ref --format %(refname) %(objectname) --sort -committerdate
> git remote --verbose
> git status -z -u
> git symbolic-ref --short HEAD
> git rev-parse gh-pages
> git rev-parse --symbolic-full-name gh-pages@{u}
fatal: no upstream configured for branch 'gh-pages'
> git for-each-ref --format %(refname) %(objectname) --sort -committerdate
> git remote --verbose
> git status -z -u
> git symbolic-ref --short HEAD
> git rev-parse gh-pages
> git rev-parse --symbolic-full-name gh-pages@{u}
fatal: no upstream configured for branch 'gh-pages'
> git for-each-ref --format %(refname) %(objectname) --sort -committerdate
> git remote --verbose
> git status -z -u
> git symbolic-ref --short HEAD
> git rev-parse gh-pages
> git rev-parse --symbolic-full-name gh-pages@{u}
fatal: no upstream configured for branch 'gh-pages'
> git for-each-ref --format %(refname) %(objectname) --sort -committerdate
> git remote --verbose
> git status -z -u
> git symbolic-ref --short HEAD
> git rev-parse gh-pages
> git rev-parse --symbolic-full-name gh-pages@{u}
fatal: no upstream configured for branch 'gh-pages'
> git for-each-ref --format %(refname) %(objectname) --sort -committerdate
> git remote --verbose
> git show :package.json
> git status -z -u
> git symbolic-ref --short HEAD
> git rev-parse gh-pages
> git rev-parse --symbolic-full-name gh-pages@{u}
fatal: no upstream configured for branch 'gh-pages'
> git for-each-ref --format %(refname) %(objectname) --sort -committerdate
> git remote --verbose
> git status -z -u
> git symbolic-ref --short HEAD
> git rev-parse gh-pages
> git rev-parse --symbolic-full-name gh-pages@{u}
fatal: no upstream configured for branch 'gh-pages'
> git for-each-ref --format %(refname) %(objectname) --sort -committerdate
> git remote --verbose
> git status -z -u
> git symbolic-ref --short HEAD
> git rev-parse gh-pages
> git rev-parse --symbolic-full-name gh-pages@{u}
fatal: no upstream configured for branch 'gh-pages'
> git for-each-ref --format %(refname) %(objectname) --sort -committerdate
> git remote --verbose
> git check-ignore -v -z --stdin
> git check-ignore -v -z --stdin
> git status -z -u
> git symbolic-ref --short HEAD
> git rev-parse gh-pages
> git rev-parse --symbolic-full-name gh-pages@{u}
fatal: no upstream configured for branch 'gh-pages'
> git for-each-ref --format %(refname) %(objectname) --sort -committerdate
> git remote --verbose
> git check-ignore -v -z --stdin
> git show :machineid
> git status -z -u
> git symbolic-ref --short HEAD
> git rev-parse gh-pages
> git rev-parse --symbolic-full-name gh-pages@{u}
fatal: no upstream configured for branch 'gh-pages'
> git for-each-ref --format %(refname) %(objectname) --sort -committerdate
> git remote --verbose
> git status -z -u
> git symbolic-ref --short HEAD
> git rev-parse gh-pages
> git rev-parse --symbolic-full-name gh-pages@{u}
fatal: no upstream configured for branch 'gh-pages'
> git for-each-ref --format %(refname) %(objectname) --sort -committerdate
> git remote --verbose
> git status -z -u
> git symbolic-ref --short HEAD
> git rev-parse gh-pages
> git rev-parse --symbolic-full-name gh-pages@{u}
fatal: no upstream configured for branch 'gh-pages'
> git for-each-ref --format %(refname) %(objectname) --sort -committerdate
> git remote --verbose
> git status -z -u
> git symbolic-ref --short HEAD
> git rev-parse gh-pages
> git rev-parse --symbolic-full-name gh-pages@{u}
fatal: no upstream configured for branch 'gh-pages'
> git for-each-ref --format %(refname) %(objectname) --sort -committerdate
> git remote --verbose
> git show :vue.config.js
> git ls-files --stage -- ./
> git status -z -u
> git symbolic-ref --short HEAD
> git check-ignore -v -z --stdin
> git rev-parse gh-pages
> git rev-parse --symbolic-full-name gh-pages@{u}
fatal: no upstream configured for branch 'gh-pages'
> git for-each-ref --format %(refname) %(objectname) --sort -committerdate
> git remote --verbose
> git status -z -u
> git symbolic-ref --short HEAD
> git rev-parse gh-pages
> git rev-parse --symbolic-full-name gh-pages@{u}
fatal: no upstream configured for branch 'gh-pages'
> git for-each-ref --format %(refname) %(objectname) --sort -committerdate
> git remote --verbose
> git status -z -u
> git symbolic-ref --short HEAD
> git rev-parse gh-pages
> git rev-parse --symbolic-full-name gh-pages@{u}
fatal: no upstream configured for branch 'gh-pages'
> git for-each-ref --format %(refname) %(objectname) --sort -committerdate
> git remote --verbose
> git status -z -u
> git symbolic-ref --short HEAD
> git rev-parse gh-pages
> git rev-parse --symbolic-full-name gh-pages@{u}
fatal: no upstream configured for branch 'gh-pages'
> git for-each-ref --format %(refname) %(objectname) --sort -committerdate
> git remote --verbose
> git status -z -u
> git symbolic-ref --short HEAD
> git rev-parse gh-pages
> git rev-parse --symbolic-full-name gh-pages@{u}
fatal: no upstream configured for branch 'gh-pages'
> git for-each-ref --format %(refname) %(objectname) --sort -committerdate
> git remote --verbose
> git status -z -u
> git symbolic-ref --short HEAD
> git rev-parse gh-pages
> git rev-parse --symbolic-full-name gh-pages@{u}
fatal: no upstream configured for branch 'gh-pages'
> git for-each-ref --format %(refname) %(objectname) --sort -committerdate
> git remote --verbose
> git status -z -u
> git symbolic-ref --short HEAD
> git rev-parse gh-pages
> git rev-parse --symbolic-full-name gh-pages@{u}
fatal: no upstream configured for branch 'gh-pages'
> git for-each-ref --format %(refname) %(objectname) --sort -committerdate
> git remote --verbose
> git status -z -u
> git symbolic-ref --short HEAD
> git rev-parse gh-pages
> git rev-parse --symbolic-full-name gh-pages@{u}
fatal: no upstream configured for branch 'gh-pages'
> git for-each-ref --format %(refname) %(objectname) --sort -committerdate
> git remote --verbose
> git status -z -u
> git symbolic-ref --short HEAD
> git rev-parse gh-pages
> git rev-parse --symbolic-full-name gh-pages@{u}
fatal: no upstream configured for branch 'gh-pages'
> git for-each-ref --format %(refname) %(objectname) --sort -committerdate
> git remote --verbose
> git status -z -u
> git symbolic-ref --short HEAD
> git rev-parse gh-pages
> git rev-parse --symbolic-full-name gh-pages@{u}
fatal: no upstream configured for branch 'gh-pages'
> git for-each-ref --format %(refname) %(objectname) --sort -committerdate
> git remote --verbose
> git status -z -u
> git symbolic-ref --short HEAD
> git rev-parse gh-pages
> git rev-parse --symbolic-full-name gh-pages@{u}
fatal: no upstream configured for branch 'gh-pages'
> git for-each-ref --format %(refname) %(objectname) --sort -committerdate
> git remote --verbose
> git status -z -u
> git symbolic-ref --short HEAD
> git rev-parse gh-pages
> git rev-parse --symbolic-full-name gh-pages@{u}
fatal: no upstream configured for branch 'gh-pages'
> git for-each-ref --format %(refname) %(objectname) --sort -committerdate
> git remote --verbose
> git status -z -u
> git symbolic-ref --short HEAD
> git rev-parse gh-pages
> git rev-parse --symbolic-full-name gh-pages@{u}
fatal: no upstream configured for branch 'gh-pages'
> git for-each-ref --format %(refname) %(objectname) --sort -committerdate
> git remote --verbose
> git status -z -u
> git symbolic-ref --short HEAD
> git rev-parse gh-pages
> git rev-parse --symbolic-full-name gh-pages@{u}
fatal: no upstream configured for branch 'gh-pages'
> git for-each-ref --format %(refname) %(objectname) --sort -committerdate
> git remote --verbose
> git show :vue.config.js
> git status -z -u
> git ls-files --stage -- ./
> git symbolic-ref --short HEAD
> git rev-parse gh-pages
> git rev-parse --symbolic-full-name gh-pages@{u}
fatal: no upstream configured for branch 'gh-pages'
> git for-each-ref --format %(refname) %(objectname) --sort -committerdate
> git remote --verbose
> git status -z -u
> git symbolic-ref --short HEAD
> git rev-parse gh-pages
> git rev-parse --symbolic-full-name gh-pages@{u}
fatal: no upstream configured for branch 'gh-pages'
> git for-each-ref --format %(refname) %(objectname) --sort -committerdate
> git remote --verbose
> git status -z -u
> git symbolic-ref --short HEAD
> git rev-parse gh-pages
> git rev-parse --symbolic-full-name gh-pages@{u}
fatal: no upstream configured for branch 'gh-pages'
> git for-each-ref --format %(refname) %(objectname) --sort -committerdate
> git remote --verbose
> git status -z -u
> git symbolic-ref --short HEAD
> git rev-parse gh-pages
> git rev-parse --symbolic-full-name gh-pages@{u}
fatal: no upstream configured for branch 'gh-pages'
> git for-each-ref --format %(refname) %(objectname) --sort -committerdate
> git remote --verbose
> git check-ignore -v -z --stdin
> git status -z -u
> git symbolic-ref --short HEAD
> git rev-parse gh-pages
> git rev-parse --symbolic-full-name gh-pages@{u}
fatal: no upstream configured for branch 'gh-pages'
> git for-each-ref --format %(refname) %(objectname) --sort -committerdate
> git remote --verbose
> git status -z -u
> git symbolic-ref --short HEAD
> git rev-parse gh-pages
> git rev-parse --symbolic-full-name gh-pages@{u}
fatal: no upstream configured for branch 'gh-pages'
> git for-each-ref --format %(refname) %(objectname) --sort -committerdate
> git remote --verbose
> git check-ignore -v -z --stdin
> git status -z -u
> git symbolic-ref --short HEAD
> git rev-parse gh-pages
> git rev-parse --symbolic-full-name gh-pages@{u}
fatal: no upstream configured for branch 'gh-pages'
> git for-each-ref --format %(refname) %(objectname) --sort -committerdate
> git remote --verbose
> git check-ignore -v -z --stdin
> git status -z -u
> git symbolic-ref --short HEAD
> git rev-parse gh-pages
> git rev-parse --symbolic-full-name gh-pages@{u}
fatal: no upstream configured for branch 'gh-pages'
> git for-each-ref --format %(refname) %(objectname) --sort -committerdate
> git remote --verbose
> git check-ignore -v -z --stdin
> git check-ignore -v -z --stdin
> git check-ignore -v -z --stdin
> git status -z -u
> git symbolic-ref --short HEAD
> git rev-parse gh-pages
> git rev-parse --symbolic-full-name gh-pages@{u}
fatal: no upstream configured for branch 'gh-pages'
> git for-each-ref --format %(refname) %(objectname) --sort -committerdate
> git remote --verbose
> git check-ignore -v -z --stdin
> git check-ignore -v -z --stdin
> git status -z -u
> git symbolic-ref --short HEAD
> git rev-parse gh-pages
> git rev-parse --symbolic-full-name gh-pages@{u}
fatal: no upstream configured for branch 'gh-pages'
> git for-each-ref --format %(refname) %(objectname) --sort -committerdate
> git remote --verbose
> git check-ignore -v -z --stdin
> git check-ignore -v -z --stdin
> git status -z -u
> git symbolic-ref --short HEAD
> git rev-parse gh-pages
> git rev-parse --symbolic-full-name gh-pages@{u}
fatal: no upstream configured for branch 'gh-pages'
> git for-each-ref --format %(refname) %(objectname) --sort -committerdate
> git remote --verbose
> git check-ignore -v -z --stdin
> git check-ignore -v -z --stdin
> git check-ignore -v -z --stdin
> git status -z -u
> git symbolic-ref --short HEAD
> git rev-parse gh-pages
> git rev-parse --symbolic-full-name gh-pages@{u}
fatal: no upstream configured for branch 'gh-pages'
> git for-each-ref --format %(refname) %(objectname) --sort -committerdate
> git remote --verbose
> git check-ignore -v -z --stdin
> git check-ignore -v -z --stdin
> git status -z -u
> git symbolic-ref --short HEAD
> git rev-parse gh-pages
> git rev-parse --symbolic-full-name gh-pages@{u}
fatal: no upstream configured for branch 'gh-pages'
> git for-each-ref --format %(refname) %(objectname) --sort -committerdate
> git remote --verbose
> git status -z -u
> git symbolic-ref --short HEAD
> git rev-parse gh-pages
> git rev-parse --symbolic-full-name gh-pages@{u}
fatal: no upstream configured for branch 'gh-pages'
> git for-each-ref --format %(refname) %(objectname) --sort -committerdate
> git remote --verbose
> git status -z -u
> git symbolic-ref --short HEAD
> git rev-parse gh-pages
> git rev-parse --symbolic-full-name gh-pages@{u}
> git check-ignore -v -z --stdin
fatal: no upstream configured for branch 'gh-pages'
> git for-each-ref --format %(refname) %(objectname) --sort -committerdate
> git remote --verbose
> git status -z -u
> git symbolic-ref --short HEAD
> git rev-parse gh-pages
> git rev-parse --symbolic-full-name gh-pages@{u}
fatal: no upstream configured for branch 'gh-pages'
> git for-each-ref --format %(refname) %(objectname) --sort -committerdate
> git remote --verbose
> git status -z -u
> git symbolic-ref --short HEAD
> git rev-parse gh-pages
> git rev-parse --symbolic-full-name gh-pages@{u}
fatal: no upstream configured for branch 'gh-pages'
> git for-each-ref --format %(refname) %(objectname) --sort -committerdate
> git remote --verbose
> git status -z -u
> git symbolic-ref --short HEAD
> git rev-parse gh-pages
> git rev-parse --symbolic-full-name gh-pages@{u}
fatal: no upstream configured for branch 'gh-pages'
> git for-each-ref --format %(refname) %(objectname) --sort -committerdate
> git remote --verbose
> git status -z -u
> git symbolic-ref --short HEAD
> git rev-parse gh-pages
> git rev-parse --symbolic-full-name gh-pages@{u}
fatal: no upstream configured for branch 'gh-pages'
> git for-each-ref --format %(refname) %(objectname) --sort -committerdate
> git remote --verbose
> git status -z -u
> git symbolic-ref --short HEAD
> git rev-parse gh-pages
> git rev-parse --symbolic-full-name gh-pages@{u}
fatal: no upstream configured for branch 'gh-pages'
> git for-each-ref --format %(refname) %(objectname) --sort -committerdate
> git remote --verbose
> git status -z -u
> git symbolic-ref --short HEAD
> git rev-parse gh-pages
> git rev-parse --symbolic-full-name gh-pages@{u}
fatal: no upstream configured for branch 'gh-pages'
> git for-each-ref --format %(refname) %(objectname) --sort -committerdate
> git remote --verbose
> git status -z -u
> git symbolic-ref --short HEAD
> git rev-parse gh-pages
> git rev-parse --symbolic-full-name gh-pages@{u}
fatal: no upstream configured for branch 'gh-pages'
> git for-each-ref --format %(refname) %(objectname) --sort -committerdate
> git remote --verbose
> git status -z -u
> git symbolic-ref --short HEAD
> git rev-parse gh-pages
> git rev-parse --symbolic-full-name gh-pages@{u}
fatal: no upstream configured for branch 'gh-pages'
> git for-each-ref --format %(refname) %(objectname) --sort -committerdate
> git remote --verbose
> git status -z -u
> git symbolic-ref --short HEAD
> git rev-parse gh-pages
> git rev-parse --symbolic-full-name gh-pages@{u}
fatal: no upstream configured for branch 'gh-pages'
> git for-each-ref --format %(refname) %(objectname) --sort -committerdate
> git remote --verbose
> git status -z -u
> git symbolic-ref --short HEAD
> git rev-parse gh-pages
> git rev-parse --symbolic-full-name gh-pages@{u}
fatal: no upstream configured for branch 'gh-pages'
> git for-each-ref --format %(refname) %(objectname) --sort -committerdate
> git remote --verbose
> git show :dist/index.html
> git status -z -u
> git symbolic-ref --short HEAD
> git rev-parse gh-pages
> git rev-parse --symbolic-full-name gh-pages@{u}
fatal: no upstream configured for branch 'gh-pages'
> git for-each-ref --format %(refname) %(objectname) --sort -committerdate
> git remote --verbose
> git status -z -u
> git symbolic-ref --short HEAD
> git rev-parse gh-pages
> git rev-parse --symbolic-full-name gh-pages@{u}
fatal: no upstream configured for branch 'gh-pages'
> git for-each-ref --format %(refname) %(objectname) --sort -committerdate
> git remote --verbose
> git status -z -u
> git symbolic-ref --short HEAD
> git rev-parse gh-pages
> git rev-parse --symbolic-full-name gh-pages@{u}
fatal: no upstream configured for branch 'gh-pages'
> git for-each-ref --format %(refname) %(objectname) --sort -committerdate
> git remote --verbose
> git status -z -u
> git symbolic-ref --short HEAD
> git rev-parse gh-pages
> git rev-parse --symbolic-full-name gh-pages@{u}
fatal: no upstream configured for branch 'gh-pages'
> git for-each-ref --format %(refname) %(objectname) --sort -committerdate
> git remote --verbose
> git status -z -u
> git symbolic-ref --short HEAD
> git rev-parse gh-pages
> git rev-parse --symbolic-full-name gh-pages@{u}
fatal: no upstream configured for branch 'gh-pages'
> git for-each-ref --format %(refname) %(objectname) --sort -committerdate
> git remote --verbose
> git status -z -u
> git symbolic-ref --short HEAD
> git rev-parse gh-pages
> git rev-parse --symbolic-full-name gh-pages@{u}
fatal: no upstream configured for branch 'gh-pages'
> git for-each-ref --format %(refname) %(objectname) --sort -committerdate
> git remote --verbose
> git status -z -u
> git symbolic-ref --short HEAD
> git rev-parse gh-pages
> git rev-parse --symbolic-full-name gh-pages@{u}
fatal: no upstream configured for branch 'gh-pages'
> git for-each-ref --format %(refname) %(objectname) --sort -committerdate
> git remote --verbose
> git status -z -u
> git symbolic-ref --short HEAD
> git rev-parse gh-pages
> git rev-parse --symbolic-full-name gh-pages@{u}
fatal: no upstream configured for branch 'gh-pages'
> git for-each-ref --format %(refname) %(objectname) --sort -committerdate
> git remote --verbose
> git check-ignore -v -z --stdin
> git status -z -u
> git symbolic-ref --short HEAD
> git rev-parse gh-pages
> git rev-parse --symbolic-full-name gh-pages@{u}
fatal: no upstream configured for branch 'gh-pages'
> git for-each-ref --format %(refname) %(objectname) --sort -committerdate
> git remote --verbose
> git show :public/index.html
> git status -z -u
> git symbolic-ref --short HEAD
> git rev-parse gh-pages
> git rev-parse --symbolic-full-name gh-pages@{u}
fatal: no upstream configured for branch 'gh-pages'
> git for-each-ref --format %(refname) %(objectname) --sort -committerdate
> git remote --verbose
> git status -z -u
> git symbolic-ref --short HEAD
> git rev-parse gh-pages
> git rev-parse --symbolic-full-name gh-pages@{u}
fatal: no upstream configured for branch 'gh-pages'
> git for-each-ref --format %(refname) %(objectname) --sort -committerdate
> git remote --verbose
> git status -z -u
> git symbolic-ref --short HEAD
> git rev-parse gh-pages
> git rev-parse --symbolic-full-name gh-pages@{u}
fatal: no upstream configured for branch 'gh-pages'
> git for-each-ref --format %(refname) %(objectname) --sort -committerdate
> git remote --verbose
> git status -z -u
> git symbolic-ref --short HEAD
> git rev-parse gh-pages
> git rev-parse --symbolic-full-name gh-pages@{u}
fatal: no upstream configured for branch 'gh-pages'
> git for-each-ref --format %(refname) %(objectname) --sort -committerdate
> git remote --verbose
> git show :vue.config.js
> git ls-files --stage -- ./
> git status -z -u
> git symbolic-ref --short HEAD
> git rev-parse gh-pages
> git rev-parse --symbolic-full-name gh-pages@{u}
fatal: no upstream configured for branch 'gh-pages'
> git for-each-ref --format %(refname) %(objectname) --sort -committerdate
> git remote --verbose
> git status -z -u
> git symbolic-ref --short HEAD
> git rev-parse gh-pages
> git rev-parse --symbolic-full-name gh-pages@{u}
fatal: no upstream configured for branch 'gh-pages'
> git for-each-ref --format %(refname) %(objectname) --sort -committerdate
> git remote --verbose
> git status -z -u
> git symbolic-ref --short HEAD
> git rev-parse gh-pages
> git rev-parse --symbolic-full-name gh-pages@{u}
fatal: no upstream configured for branch 'gh-pages'
> git for-each-ref --format %(refname) %(objectname) --sort -committerdate
> git remote --verbose
> git status -z -u
> git symbolic-ref --short HEAD
> git rev-parse gh-pages
> git rev-parse --symbolic-full-name gh-pages@{u}
fatal: no upstream configured for branch 'gh-pages'
> git for-each-ref --format %(refname) %(objectname) --sort -committerdate
> git remote --verbose
> git status -z -u
> git symbolic-ref --short HEAD
> git rev-parse gh-pages
> git rev-parse --symbolic-full-name gh-pages@{u}
fatal: no upstream configured for branch 'gh-pages'
> git for-each-ref --format %(refname) %(objectname) --sort -committerdate
> git remote --verbose
> git status -z -u
> git symbolic-ref --short HEAD
> git rev-parse gh-pages
> git rev-parse --symbolic-full-name gh-pages@{u}
fatal: no upstream configured for branch 'gh-pages'
> git for-each-ref --format %(refname) %(objectname) --sort -committerdate
> git remote --verbose
> git status -z -u
> git symbolic-ref --short HEAD
> git rev-parse gh-pages
> git rev-parse --symbolic-full-name gh-pages@{u}
fatal: no upstream configured for branch 'gh-pages'
> git for-each-ref --format %(refname) %(objectname) --sort -committerdate
> git remote --verbose
> git status -z -u
> git symbolic-ref --short HEAD
> git rev-parse gh-pages
> git rev-parse --symbolic-full-name gh-pages@{u}
fatal: no upstream configured for branch 'gh-pages'
> git for-each-ref --format %(refname) %(objectname) --sort -committerdate
> git remote --verbose
> git show :package.json
> git show :.gitignore
> git status -z -u
> git symbolic-ref --short HEAD
> git rev-parse gh-pages
> git rev-parse --symbolic-full-name gh-pages@{u}
fatal: no upstream configured for branch 'gh-pages'
> git for-each-ref --format %(refname) %(objectname) --sort -committerdate
> git remote --verbose
> git check-ignore -v -z --stdin
> git status -z -u
> git symbolic-ref --short HEAD
> git rev-parse gh-pages
> git rev-parse --symbolic-full-name gh-pages@{u}
fatal: no upstream configured for branch 'gh-pages'
> git for-each-ref --format %(refname) %(objectname) --sort -committerdate
> git remote --verbose
> git status -z -u
> git symbolic-ref --short HEAD
> git rev-parse gh-pages
> git rev-parse --symbolic-full-name gh-pages@{u}
fatal: no upstream configured for branch 'gh-pages'
> git for-each-ref --format %(refname) %(objectname) --sort -committerdate
> git remote --verbose
> git status -z -u
> git symbolic-ref --short HEAD
> git rev-parse gh-pages
> git rev-parse --symbolic-full-name gh-pages@{u}
fatal: no upstream configured for branch 'gh-pages'
> git for-each-ref --format %(refname) %(objectname) --sort -committerdate
> git remote --verbose
> git show :package-lock.json
> git status -z -u
> git symbolic-ref --short HEAD
> git rev-parse gh-pages
> git rev-parse --symbolic-full-name gh-pages@{u}
fatal: no upstream configured for branch 'gh-pages'
> git for-each-ref --format %(refname) %(objectname) --sort -committerdate
> git remote --verbose
> git show :deploy.sh
> git ls-files --stage -- ./
> git check-ignore -v -z --stdin
> git status -z -u
> git symbolic-ref --short HEAD
> git rev-parse gh-pages
> git rev-parse --symbolic-full-name gh-pages@{u}
fatal: no upstream configured for branch 'gh-pages'
> git for-each-ref --format %(refname) %(objectname) --sort -committerdate
> git remote --verbose
> git status -z -u
> git symbolic-ref --short HEAD
> git rev-parse gh-pages
> git rev-parse --symbolic-full-name gh-pages@{u}
fatal: no upstream configured for branch 'gh-pages'
> git for-each-ref --format %(refname) %(objectname) --sort -committerdate
> git remote --verbose
> git status -z -u
> git symbolic-ref --short HEAD
> git rev-parse gh-pages
> git rev-parse --symbolic-full-name gh-pages@{u}
fatal: no upstream configured for branch 'gh-pages'
> git for-each-ref --format %(refname) %(objectname) --sort -committerdate
> git remote --verbose
> git status -z -u
> git symbolic-ref --short HEAD
> git rev-parse gh-pages
> git rev-parse --symbolic-full-name gh-pages@{u}
fatal: no upstream configured for branch 'gh-pages'
> git for-each-ref --format %(refname) %(objectname) --sort -committerdate
> git remote --verbose
> git status -z -u
> git symbolic-ref --short HEAD
> git rev-parse gh-pages
> git rev-parse --symbolic-full-name gh-pages@{u}
fatal: no upstream configured for branch 'gh-pages'
> git for-each-ref --format %(refname) %(objectname) --sort -committerdate
> git remote --verbose
> git status -z -u
> git symbolic-ref --short HEAD
> git rev-parse gh-pages
> git rev-parse --symbolic-full-name gh-pages@{u}
fatal: no upstream configured for branch 'gh-pages'
> git for-each-ref --format %(refname) %(objectname) --sort -committerdate
> git remote --verbose
> git status -z -u
> git symbolic-ref --short HEAD
> git rev-parse gh-pages
> git rev-parse --symbolic-full-name gh-pages@{u}
fatal: no upstream configured for branch 'gh-pages'
> git for-each-ref --format %(refname) %(objectname) --sort -committerdate
> git remote --verbose
> git status -z -u
> git symbolic-ref --short HEAD
> git rev-parse gh-pages
> git rev-parse --symbolic-full-name gh-pages@{u}
fatal: no upstream configured for branch 'gh-pages'
> git for-each-ref --format %(refname) %(objectname) --sort -committerdate
> git remote --verbose
> git status -z -u
> git symbolic-ref --short HEAD
> git rev-parse gh-pages
> git rev-parse --symbolic-full-name gh-pages@{u}
fatal: no upstream configured for branch 'gh-pages'
> git for-each-ref --format %(refname) %(objectname) --sort -committerdate
> git remote --verbose
> git status -z -u
> git symbolic-ref --short HEAD
> git rev-parse gh-pages
> git rev-parse --symbolic-full-name gh-pages@{u}
fatal: no upstream configured for branch 'gh-pages'
> git for-each-ref --format %(refname) %(objectname) --sort -committerdate
> git remote --verbose
> git status -z -u
> git symbolic-ref --short HEAD
> git rev-parse gh-pages
> git rev-parse --symbolic-full-name gh-pages@{u}
fatal: no upstream configured for branch 'gh-pages'
> git for-each-ref --format %(refname) %(objectname) --sort -committerdate
> git remote --verbose
> git status -z -u
> git symbolic-ref --short HEAD
> git rev-parse gh-pages
> git rev-parse --symbolic-full-name gh-pages@{u}
fatal: no upstream configured for branch 'gh-pages'
> git for-each-ref --format %(refname) %(objectname) --sort -committerdate
> git remote --verbose
> git status -z -u
> git symbolic-ref --short HEAD
> git rev-parse gh-pages
> git rev-parse --symbolic-full-name gh-pages@{u}
fatal: no upstream configured for branch 'gh-pages'
> git for-each-ref --format %(refname) %(objectname) --sort -committerdate
> git remote --verbose
> git status -z -u
> git symbolic-ref --short HEAD
> git rev-parse gh-pages
> git rev-parse --symbolic-full-name gh-pages@{u}
fatal: no upstream configured for branch 'gh-pages'
> git for-each-ref --format %(refname) %(objectname) --sort -committerdate
> git remote --verbose
> git check-ignore -v -z --stdin
> git status -z -u
> git symbolic-ref --short HEAD
> git rev-parse gh-pages
> git rev-parse --symbolic-full-name gh-pages@{u}
fatal: no upstream configured for branch 'gh-pages'
> git for-each-ref --format %(refname) %(objectname) --sort -committerdate
> git remote --verbose
> git check-ignore -v -z --stdin
> git status -z -u
> git symbolic-ref --short HEAD
> git rev-parse gh-pages
> git rev-parse --symbolic-full-name gh-pages@{u}
fatal: no upstream configured for branch 'gh-pages'
> git for-each-ref --format %(refname) %(objectname) --sort -committerdate
> git remote --verbose
> git add -A -- .
> git status -z -u
> git symbolic-ref --short HEAD
> git rev-parse gh-pages
> git rev-parse --symbolic-full-name gh-pages@{u}
fatal: no upstream configured for branch 'gh-pages'
> git for-each-ref --format %(refname) %(objectname) --sort -committerdate
> git remote --verbose
> git show :deploy.sh
> git status -z -u
> git symbolic-ref --short HEAD
> git rev-parse gh-pages
> git rev-parse --symbolic-full-name gh-pages@{u}
fatal: no upstream configured for branch 'gh-pages'
> git for-each-ref --format %(refname) %(objectname) --sort -committerdate
> git remote --verbose
> git status -z -u
> git symbolic-ref --short HEAD
> git rev-parse gh-pages
> git rev-parse --symbolic-full-name gh-pages@{u}
fatal: no upstream configured for branch 'gh-pages'
> git for-each-ref --format %(refname) %(objectname) --sort -committerdate
> git remote --verbose
> git status -z -u
> git symbolic-ref --short HEAD
> git rev-parse gh-pages
> git rev-parse --symbolic-full-name gh-pages@{u}
fatal: no upstream configured for branch 'gh-pages'
> git for-each-ref --format %(refname) %(objectname) --sort -committerdate
> git remote --verbose
> git commit --quiet --allow-empty-message --file -
> git status -z -u
> git symbolic-ref --short HEAD
> git rev-parse gh-pages
> git rev-parse --symbolic-full-name gh-pages@{u}
fatal: no upstream configured for branch 'gh-pages'
> git for-each-ref --format %(refname) %(objectname) --sort -committerdate
> git remote --verbose
> git show :deploy.sh
> git status -z -u
> git symbolic-ref --short HEAD
> git rev-parse gh-pages
> git rev-parse --symbolic-full-name gh-pages@{u}
fatal: no upstream configured for branch 'gh-pages'
> git for-each-ref --format %(refname) %(objectname) --sort -committerdate
> git remote --verbose
> git push -u origin gh-pages
remote: No anonymous write access.
fatal: Authentication failed for 'https://github.com/marlonveiga-santos/resume-2.0.git/'
> git status -z -u
> git symbolic-ref --short HEAD
> git rev-parse gh-pages
> git rev-parse --symbolic-full-name gh-pages@{u}
fatal: no upstream configured for branch 'gh-pages'
> git for-each-ref --format %(refname) %(objectname) --sort -committerdate
> git remote --verbose
> git status -z -u
> git symbolic-ref --short HEAD
> git rev-parse gh-pages
> git rev-parse --symbolic-full-name gh-pages@{u}
fatal: no upstream configured for branch 'gh-pages'
> git for-each-ref --format %(refname) %(objectname) --sort -committerdate
> git remote --verbose
> git status -z -u
> git symbolic-ref --short HEAD
> git rev-parse gh-pages
> git rev-parse --symbolic-full-name gh-pages@{u}
fatal: no upstream configured for branch 'gh-pages'
> git for-each-ref --format %(refname) %(objectname) --sort -committerdate
> git remote --verbose
> git status -z -u
> git symbolic-ref --short HEAD
> git rev-parse gh-pages
> git rev-parse --symbolic-full-name gh-pages@{u}
fatal: no upstream configured for branch 'gh-pages'
> git for-each-ref --format %(refname) %(objectname) --sort -committerdate
> git remote --verbose
> git status -z -u
> git symbolic-ref --short HEAD
> git rev-parse gh-pages
> git rev-parse --symbolic-full-name gh-pages@{u}
fatal: no upstream configured for branch 'gh-pages'
> git for-each-ref --format %(refname) %(objectname) --sort -committerdate
> git remote --verbose
> git status -z -u
> git symbolic-ref --short HEAD
> git rev-parse gh-pages
> git rev-parse --symbolic-full-name gh-pages@{u}
fatal: no upstream configured for branch 'gh-pages'
> git for-each-ref --format %(refname) %(objectname) --sort -committerdate
> git remote --verbose
> git push -u origin gh-pages
Missing or invalid credentials.
Wrong number of arguments
remote: Invalid username or password.
fatal: Authentication failed for 'https://github.com/marlonveiga-santos/resume-2.0.git/'
> git status -z -u
> git symbolic-ref --short HEAD
> git rev-parse gh-pages
> git rev-parse --symbolic-full-name gh-pages@{u}
fatal: no upstream configured for branch 'gh-pages'
> git for-each-ref --format %(refname) %(objectname) --sort -committerdate
> git remote --verbose
> git push -u origin gh-pages
remote: Invalid username or password.
fatal: Authentication failed for 'https://github.com/marlonveiga-santos/resume-2.0.git/'
> git status -z -u
> git symbolic-ref --short HEAD
> git rev-parse gh-pages
> git rev-parse --symbolic-full-name gh-pages@{u}
fatal: no upstream configured for branch 'gh-pages'
> git for-each-ref --format %(refname) %(objectname) --sort -committerdate
> git remote --verbose
> git status -z -u
> git symbolic-ref --short HEAD
> git rev-parse gh-pages
> git rev-parse --symbolic-full-name gh-pages@{u}
fatal: no upstream configured for branch 'gh-pages'
> git for-each-ref --format %(refname) %(objectname) --sort -committerdate
> git remote --verbose
> git status -z -u
> git symbolic-ref --short HEAD
> git rev-parse gh-pages
> git rev-parse --symbolic-full-name gh-pages@{u}
fatal: no upstream configured for branch 'gh-pages'
> git for-each-ref --format %(refname) %(objectname) --sort -committerdate
> git remote --verbose
> git status -z -u
> git symbolic-ref --short HEAD
> git rev-parse gh-pages
> git rev-parse --symbolic-full-name gh-pages@{u}
fatal: no upstream configured for branch 'gh-pages'
> git for-each-ref --format %(refname) %(objectname) --sort -committerdate
> git remote --verbose
> git add -A -- .
