[2019-07-16 10:58:24.989] [sharedprocess] [info] main {"machineId":"92db1aadd00dea9129c924e124e1895c3667461b2496da1790196f3057486b79"}
[2019-07-16 10:58:27.967] [sharedprocess] [info] Scanned user extensions: 20
[2019-07-16 10:58:28.719] [sharedprocess] [info] Scanned system extensions: 72
[2019-07-16 10:58:31.084] [sharedprocess] [info] Scanned user extensions: 20
[2019-07-16 10:58:31.136] [sharedprocess] [info] Scanned system extensions: 72
[2019-07-16 10:58:31.594] [sharedprocess] [info] Scanned user extensions: 20
[2019-07-16 10:58:31.671] [sharedprocess] [info] Scanned system extensions: 72
[2019-07-16 10:58:32.101] [sharedprocess] [info] Scanned user extensions: 20
[2019-07-16 10:58:32.104] [sharedprocess] [info] Scanned user extensions: 20
[2019-07-16 10:58:32.188] [sharedprocess] [info] Scanned system extensions: 72
[2019-07-16 10:58:32.208] [sharedprocess] [info] Scanned system extensions: 72
[2019-07-16 10:58:35.713] [sharedprocess] [info] Scanned user extensions: 20
[2019-07-16 10:58:37.244] [sharedprocess] [info] Installing extension: dart-code.dart-code
[2019-07-16 10:58:37.301] [sharedprocess] [info] Scanned user extensions: 20
[2019-07-16 10:58:37.738] [sharedprocess] [info] Downloaded extension: dart-code.dart-code /tmp/4448aca4-4ec1-4ea0-a141-89dd01303fa1
[2019-07-16 10:58:37.948] [sharedprocess] [info] Extracted extension to /home/marlon/.vscode/extensions/.dart-code.dart-code-3.2.1: dart-code.dart-code
[2019-07-16 10:58:37.958] [sharedprocess] [info] Renamed to /home/marlon/.vscode/extensions/dart-code.dart-code-3.2.1
[2019-07-16 10:58:37.969] [sharedprocess] [info] Installation completed. dart-code.dart-code
[2019-07-16 10:58:38.266] [sharedprocess] [info] Extensions installed successfully: dart-code.dart-code
[2019-07-16 10:59:04.838] [sharedprocess] [info] Starting to clean up unused language packs.
[2019-07-16 11:03:35.895] [sharedprocess] [info] Scanned user extensions: 20
[2019-07-16 11:08:36.420] [sharedprocess] [info] Scanned user extensions: 20
[2019-07-16 11:13:36.530] [sharedprocess] [info] Scanned user extensions: 20
[2019-07-16 11:18:37.207] [sharedprocess] [info] Scanned user extensions: 20
[2019-07-16 11:23:38.128] [sharedprocess] [info] Scanned user extensions: 20
[2019-07-16 11:28:38.209] [sharedprocess] [info] Scanned user extensions: 20
[2019-07-16 11:33:38.293] [sharedprocess] [info] Scanned user extensions: 20
[2019-07-16 11:38:38.381] [sharedprocess] [info] Scanned user extensions: 20
[2019-07-16 11:43:38.728] [sharedprocess] [info] Scanned user extensions: 20
[2019-07-16 11:48:39.639] [sharedprocess] [info] Scanned user extensions: 20
[2019-07-16 11:53:41.874] [sharedprocess] [info] Scanned user extensions: 20
[2019-07-16 11:58:43.908] [sharedprocess] [info] Scanned user extensions: 20
[2019-07-16 12:03:44.002] [sharedprocess] [info] Scanned user extensions: 20
[2019-07-16 12:08:44.435] [sharedprocess] [info] Scanned user extensions: 20
[2019-07-16 12:13:44.733] [sharedprocess] [info] Scanned user extensions: 20
[2019-07-16 12:18:47.978] [sharedprocess] [info] Scanned user extensions: 20
[2019-07-16 12:23:49.587] [sharedprocess] [info] Scanned user extensions: 20
[2019-07-16 12:28:49.851] [sharedprocess] [info] Scanned user extensions: 20
[2019-07-16 12:33:50.390] [sharedprocess] [info] Scanned user extensions: 20
[2019-07-16 12:38:50.518] [sharedprocess] [info] Scanned user extensions: 20
[2019-07-16 12:43:51.203] [sharedprocess] [info] Scanned user extensions: 20
[2019-07-16 12:48:51.312] [sharedprocess] [info] Scanned user extensions: 20
[2019-07-16 12:53:51.548] [sharedprocess] [info] Scanned user extensions: 20
[2019-07-16 12:58:53.839] [sharedprocess] [info] Scanned user extensions: 20
[2019-07-16 13:03:53.960] [sharedprocess] [info] Scanned user extensions: 20
[2019-07-16 13:08:54.116] [sharedprocess] [info] Scanned user extensions: 20
[2019-07-16 13:13:54.260] [sharedprocess] [info] Scanned user extensions: 20
[2019-07-16 13:18:54.423] [sharedprocess] [info] Scanned user extensions: 20
[2019-07-16 13:23:54.620] [sharedprocess] [info] Scanned user extensions: 20
[2019-07-16 13:28:54.703] [sharedprocess] [info] Scanned user extensions: 20
[2019-07-16 13:33:56.332] [sharedprocess] [info] Scanned user extensions: 20
[2019-07-16 13:38:56.474] [sharedprocess] [info] Scanned user extensions: 20
[2019-07-16 13:43:56.598] [sharedprocess] [info] Scanned user extensions: 20
[2019-07-16 13:48:56.825] [sharedprocess] [info] Scanned user extensions: 20
[2019-07-16 13:53:57.065] [sharedprocess] [info] Scanned user extensions: 20
[2019-07-16 13:58:57.442] [sharedprocess] [info] Scanned user extensions: 20
[2019-07-16 14:03:58.025] [sharedprocess] [info] Scanned user extensions: 20
[2019-07-16 14:08:58.116] [sharedprocess] [info] Scanned user extensions: 20
[2019-07-16 14:13:58.235] [sharedprocess] [info] Scanned user extensions: 20
[2019-07-16 14:18:58.413] [sharedprocess] [info] Scanned user extensions: 20
[2019-07-16 14:24:07.111] [sharedprocess] [info] Scanned user extensions: 20
[2019-07-16 14:29:07.741] [sharedprocess] [info] Scanned user extensions: 20
[2019-07-16 14:34:07.891] [sharedprocess] [info] Scanned user extensions: 20
[2019-07-16 14:39:07.996] [sharedprocess] [info] Scanned user extensions: 20
[2019-07-16 14:44:08.121] [sharedprocess] [info] Scanned user extensions: 20
[2019-07-16 14:49:08.426] [sharedprocess] [info] Scanned user extensions: 20
[2019-07-16 14:54:08.974] [sharedprocess] [info] Scanned user extensions: 20
[2019-07-16 14:59:10.005] [sharedprocess] [info] Scanned user extensions: 20
[2019-07-16 15:04:10.118] [sharedprocess] [info] Scanned user extensions: 20
[2019-07-16 15:09:10.232] [sharedprocess] [info] Scanned user extensions: 20
[2019-07-16 15:14:10.331] [sharedprocess] [info] Scanned user extensions: 20
[2019-07-16 15:19:10.423] [sharedprocess] [info] Scanned user extensions: 20
[2019-07-16 15:24:10.561] [sharedprocess] [info] Scanned user extensions: 20
[2019-07-16 15:29:10.668] [sharedprocess] [info] Scanned user extensions: 20
[2019-07-16 15:34:10.736] [sharedprocess] [info] Scanned user extensions: 20
[2019-07-16 15:39:10.832] [sharedprocess] [info] Scanned user extensions: 20
[2019-07-16 15:44:10.902] [sharedprocess] [info] Scanned user extensions: 20
[2019-07-16 15:49:11.046] [sharedprocess] [info] Scanned user extensions: 20
[2019-07-16 15:54:11.154] [sharedprocess] [info] Scanned user extensions: 20
[2019-07-16 15:59:11.373] [sharedprocess] [info] Scanned user extensions: 20
[2019-07-16 16:04:11.469] [sharedprocess] [info] Scanned user extensions: 20
[2019-07-16 16:09:11.626] [sharedprocess] [info] Scanned user extensions: 20
[2019-07-16 16:14:11.720] [sharedprocess] [info] Scanned user extensions: 20
[2019-07-16 16:19:11.795] [sharedprocess] [info] Scanned user extensions: 20
[2019-07-16 16:24:11.874] [sharedprocess] [info] Scanned user extensions: 20
[2019-07-16 16:29:11.955] [sharedprocess] [info] Scanned user extensions: 20
[2019-07-16 16:34:12.051] [sharedprocess] [info] Scanned user extensions: 20
[2019-07-16 16:39:12.146] [sharedprocess] [info] Scanned user extensions: 20
[2019-07-16 16:44:12.266] [sharedprocess] [info] Scanned user extensions: 20
[2019-07-16 16:49:12.371] [sharedprocess] [info] Scanned user extensions: 20
[2019-07-16 16:54:12.513] [sharedprocess] [info] Scanned user extensions: 20
[2019-07-16 16:59:12.937] [sharedprocess] [info] Scanned user extensions: 20
[2019-07-16 17:04:13.072] [sharedprocess] [info] Scanned user extensions: 20
[2019-07-16 17:09:13.254] [sharedprocess] [info] Scanned user extensions: 20
[2019-07-16 17:14:13.378] [sharedprocess] [info] Scanned user extensions: 20
[2019-07-16 17:19:13.519] [sharedprocess] [info] Scanned user extensions: 20
[2019-07-16 17:24:13.675] [sharedprocess] [info] Scanned user extensions: 20
[2019-07-16 17:29:13.809] [sharedprocess] [info] Scanned user extensions: 20
[2019-07-16 17:34:13.935] [sharedprocess] [info] Scanned user extensions: 20
[2019-07-16 17:39:14.026] [sharedprocess] [info] Scanned user extensions: 20
[2019-07-16 17:44:14.876] [sharedprocess] [info] Scanned user extensions: 20
[2019-07-16 17:49:14.981] [sharedprocess] [info] Scanned user extensions: 20
[2019-07-16 17:54:15.068] [sharedprocess] [info] Scanned user extensions: 20
[2019-07-16 17:59:16.282] [sharedprocess] [info] Scanned user extensions: 20
[2019-07-16 18:04:16.368] [sharedprocess] [info] Scanned user extensions: 20
[2019-07-16 18:09:16.477] [sharedprocess] [info] Scanned user extensions: 20
[2019-07-16 18:14:16.584] [sharedprocess] [info] Scanned user extensions: 20
[2019-07-16 18:19:16.655] [sharedprocess] [info] Scanned user extensions: 20
[2019-07-16 18:24:16.776] [sharedprocess] [info] Scanned user extensions: 20
[2019-07-16 18:29:16.892] [sharedprocess] [info] Scanned user extensions: 20
[2019-07-16 18:34:17.011] [sharedprocess] [info] Scanned user extensions: 20
[2019-07-16 18:39:17.111] [sharedprocess] [info] Scanned user extensions: 20
[2019-07-16 18:44:17.193] [sharedprocess] [info] Scanned user extensions: 20
[2019-07-16 18:49:17.307] [sharedprocess] [info] Scanned user extensions: 20
[2019-07-16 18:54:17.417] [sharedprocess] [info] Scanned user extensions: 20
[2019-07-16 18:59:18.030] [sharedprocess] [info] Scanned user extensions: 20
[2019-07-16 19:04:18.143] [sharedprocess] [info] Scanned user extensions: 20
[2019-07-16 19:09:18.259] [sharedprocess] [info] Scanned user extensions: 20
[2019-07-16 19:14:18.353] [sharedprocess] [info] Scanned user extensions: 20
[2019-07-16 19:19:18.513] [sharedprocess] [info] Scanned user extensions: 20
[2019-07-16 19:24:19.759] [sharedprocess] [info] Scanned user extensions: 20
[2019-07-16 19:29:20.314] [sharedprocess] [info] Scanned user extensions: 20
[2019-07-16 19:34:20.395] [sharedprocess] [info] Scanned user extensions: 20
[2019-07-16 19:39:20.505] [sharedprocess] [info] Scanned user extensions: 20
[2019-07-16 19:44:20.591] [sharedprocess] [info] Scanned user extensions: 20
[2019-07-16 19:49:20.668] [sharedprocess] [info] Scanned user extensions: 20
[2019-07-16 19:54:20.751] [sharedprocess] [info] Scanned user extensions: 20
[2019-07-16 19:59:21.921] [sharedprocess] [info] Scanned user extensions: 20
[2019-07-16 20:04:22.016] [sharedprocess] [info] Scanned user extensions: 20
[2019-07-16 20:09:22.086] [sharedprocess] [info] Scanned user extensions: 20
[2019-07-16 20:14:22.196] [sharedprocess] [info] Scanned user extensions: 20
[2019-07-16 20:19:22.378] [sharedprocess] [info] Scanned user extensions: 20
[2019-07-16 20:24:22.470] [sharedprocess] [info] Scanned user extensions: 20
[2019-07-16 20:29:22.550] [sharedprocess] [info] Scanned user extensions: 20
[2019-07-16 20:34:22.625] [sharedprocess] [info] Scanned user extensions: 20
[2019-07-16 20:39:22.708] [sharedprocess] [info] Scanned user extensions: 20
[2019-07-16 20:44:22.784] [sharedprocess] [info] Scanned user extensions: 20
[2019-07-16 20:49:22.861] [sharedprocess] [info] Scanned user extensions: 20
[2019-07-16 20:54:22.949] [sharedprocess] [info] Scanned user extensions: 20
[2019-07-16 20:59:23.114] [sharedprocess] [info] Scanned user extensions: 20
[2019-07-16 21:04:23.223] [sharedprocess] [info] Scanned user extensions: 20
[2019-07-16 21:09:23.320] [sharedprocess] [info] Scanned user extensions: 20
[2019-07-16 21:14:23.411] [sharedprocess] [info] Scanned user extensions: 20
[2019-07-16 21:19:23.489] [sharedprocess] [info] Scanned user extensions: 20
[2019-07-16 21:24:23.571] [sharedprocess] [info] Scanned user extensions: 20
[2019-07-16 21:29:23.682] [sharedprocess] [info] Scanned user extensions: 20
[2019-07-16 21:34:23.810] [sharedprocess] [info] Scanned user extensions: 20
[2019-07-16 21:39:23.981] [sharedprocess] [info] Scanned user extensions: 20
[2019-07-16 21:44:24.154] [sharedprocess] [info] Scanned user extensions: 20
[2019-07-16 21:49:24.268] [sharedprocess] [info] Scanned user extensions: 20
[2019-07-16 21:54:24.346] [sharedprocess] [info] Scanned user extensions: 20
[2019-07-16 21:59:24.823] [sharedprocess] [info] Scanned user extensions: 20
[2019-07-16 22:04:24.932] [sharedprocess] [info] Scanned user extensions: 20
[2019-07-16 22:09:25.074] [sharedprocess] [info] Scanned user extensions: 20
[2019-07-16 22:14:25.167] [sharedprocess] [info] Scanned user extensions: 20
[2019-07-16 22:19:26.309] [sharedprocess] [info] Scanned user extensions: 20
[2019-07-16 22:24:27.786] [sharedprocess] [info] Scanned user extensions: 20
[2019-07-16 22:29:29.540] [sharedprocess] [info] Scanned user extensions: 20
[2019-07-16 22:34:29.734] [sharedprocess] [info] Scanned user extensions: 20
[2019-07-16 22:39:32.563] [sharedprocess] [info] Scanned user extensions: 20
[2019-07-16 22:44:36.034] [sharedprocess] [info] Scanned user extensions: 20
[2019-07-16 22:49:36.306] [sharedprocess] [info] Scanned user extensions: 20
[2019-07-16 22:54:36.580] [sharedprocess] [info] Scanned user extensions: 20
[2019-07-16 22:59:37.294] [sharedprocess] [info] Scanned user extensions: 20
[2019-07-16 23:04:37.864] [sharedprocess] [info] Scanned user extensions: 20
[2019-07-16 23:09:38.003] [sharedprocess] [info] Scanned user extensions: 20
[2019-07-16 23:14:38.186] [sharedprocess] [info] Scanned user extensions: 20
[2019-07-16 23:19:38.408] [sharedprocess] [info] Scanned user extensions: 20
[2019-07-16 23:24:38.552] [sharedprocess] [info] Scanned user extensions: 20
[2019-07-16 23:29:38.674] [sharedprocess] [info] Scanned user extensions: 20
[2019-07-16 23:34:38.820] [sharedprocess] [info] Scanned user extensions: 20
[2019-07-16 23:39:38.954] [sharedprocess] [info] Scanned user extensions: 20
[2019-07-16 23:44:39.048] [sharedprocess] [info] Scanned user extensions: 20
[2019-07-16 23:49:39.210] [sharedprocess] [info] Scanned user extensions: 20
[2019-07-16 23:54:39.313] [sharedprocess] [info] Scanned user extensions: 20
[2019-07-16 23:59:40.774] [sharedprocess] [info] Scanned user extensions: 20
[2019-07-17 00:04:41.099] [sharedprocess] [info] Scanned user extensions: 20
[2019-07-17 00:09:41.220] [sharedprocess] [info] Scanned user extensions: 20
[2019-07-17 00:14:41.343] [sharedprocess] [info] Scanned user extensions: 20
[2019-07-17 00:19:42.846] [sharedprocess] [info] Scanned user extensions: 20
[2019-07-17 00:24:43.587] [sharedprocess] [info] Scanned user extensions: 20
[2019-07-17 00:29:43.776] [sharedprocess] [info] Scanned user extensions: 20
[2019-07-17 00:34:45.599] [sharedprocess] [info] Scanned user extensions: 20
[2019-07-17 00:39:49.383] [sharedprocess] [info] Scanned user extensions: 20
[2019-07-17 00:45:11.532] [sharedprocess] [info] Scanned user extensions: 20
[2019-07-17 00:50:14.062] [sharedprocess] [info] Scanned user extensions: 20
[2019-07-17 00:55:16.358] [sharedprocess] [info] Scanned user extensions: 20
[2019-07-17 01:00:18.576] [sharedprocess] [info] Scanned user extensions: 20
[2019-07-17 01:05:18.714] [sharedprocess] [info] Scanned user extensions: 20
[2019-07-17 01:10:18.794] [sharedprocess] [info] Scanned user extensions: 20
[2019-07-17 01:15:18.872] [sharedprocess] [info] Scanned user extensions: 20
[2019-07-17 01:20:20.193] [sharedprocess] [info] Scanned user extensions: 20
[2019-07-17 01:25:20.281] [sharedprocess] [info] Scanned user extensions: 20
[2019-07-17 01:30:20.412] [sharedprocess] [info] Scanned user extensions: 20
[2019-07-17 01:35:20.538] [sharedprocess] [info] Scanned user extensions: 20
[2019-07-17 01:40:20.698] [sharedprocess] [info] Scanned user extensions: 20
[2019-07-17 01:45:20.934] [sharedprocess] [info] Scanned user extensions: 20
[2019-07-17 01:50:21.059] [sharedprocess] [info] Scanned user extensions: 20
[2019-07-17 01:55:21.180] [sharedprocess] [info] Scanned user extensions: 20
[2019-07-17 02:00:22.369] [sharedprocess] [info] Scanned user extensions: 20
[2019-07-17 02:05:22.630] [sharedprocess] [info] Scanned user extensions: 20
[2019-07-17 02:10:22.766] [sharedprocess] [info] Scanned user extensions: 20
[2019-07-17 02:15:22.878] [sharedprocess] [info] Scanned user extensions: 20
[2019-07-17 02:20:22.998] [sharedprocess] [info] Scanned user extensions: 20
[2019-07-17 02:25:23.106] [sharedprocess] [info] Scanned user extensions: 20
[2019-07-17 02:30:23.268] [sharedprocess] [info] Scanned user extensions: 20
[2019-07-17 02:35:23.430] [sharedprocess] [info] Scanned user extensions: 20
[2019-07-17 02:40:23.515] [sharedprocess] [info] Scanned user extensions: 20
