[2019-07-15 18:02:10.706] [exthost] [info] extension host started
[2019-07-15 18:02:11.200] [exthost] [info] ExtensionService#_doActivateExtension vscode.typescript-language-features {"startup":false,"activationEvent":"onLanguage:javascript"}
[2019-07-15 18:02:11.203] [exthost] [info] ExtensionService#loadCommonJSModule /usr/share/code/resources/app/extensions/typescript-language-features/dist/extension
[2019-07-15 18:02:11.592] [exthost] [info] ExtensionService#_doActivateExtension dbaeumer.jshint {"startup":false,"activationEvent":"onLanguage:javascript"}
[2019-07-15 18:02:11.600] [exthost] [info] ExtensionService#loadCommonJSModule /home/marlon/.vscode/extensions/dbaeumer.jshint-0.10.20/jshint/out/extension
[2019-07-15 18:02:12.374] [exthost] [info] ExtensionService#_doActivateExtension ms-vscode.vscode-typescript-tslint-plugin {"startup":false,"activationEvent":"onLanguage:javascript"}
[2019-07-15 18:02:12.374] [exthost] [info] ExtensionService#loadCommonJSModule /home/marlon/.vscode/extensions/ms-vscode.vscode-typescript-tslint-plugin-1.2.2/out/index.js
[2019-07-15 18:02:12.493] [exthost] [info] ExtensionService#_doActivateExtension olback.es6-css-minify {"startup":false,"activationEvent":"onLanguage:javascript"}
[2019-07-15 18:02:12.493] [exthost] [info] ExtensionService#loadCommonJSModule /home/marlon/.vscode/extensions/olback.es6-css-minify-2.7.0/dist/extension
[2019-07-15 18:02:13.465] [exthost] [info] ExtensionService#_doActivateExtension vscode.debug-auto-launch {"startup":true,"activationEvent":"*"}
[2019-07-15 18:02:13.465] [exthost] [info] ExtensionService#loadCommonJSModule /usr/share/code/resources/app/extensions/debug-auto-launch/dist/extension
[2019-07-15 18:02:13.531] [exthost] [info] ExtensionService#_doActivateExtension vscode.emmet {"startup":true,"activationEvent":"*"}
[2019-07-15 18:02:13.531] [exthost] [info] ExtensionService#loadCommonJSModule /usr/share/code/resources/app/extensions/emmet/dist/extension
[2019-07-15 18:02:13.595] [exthost] [info] ExtensionService#_doActivateExtension vscode.git {"startup":true,"activationEvent":"*"}
[2019-07-15 18:02:13.595] [exthost] [info] ExtensionService#loadCommonJSModule /usr/share/code/resources/app/extensions/git/dist/main
[2019-07-15 18:02:13.894] [exthost] [info] ExtensionService#_doActivateExtension vscode.merge-conflict {"startup":true,"activationEvent":"*"}
[2019-07-15 18:02:13.894] [exthost] [info] ExtensionService#loadCommonJSModule /usr/share/code/resources/app/extensions/merge-conflict/dist/extension
[2019-07-15 18:02:16.773] [exthost] [info] eager extensions activated
[2019-07-15 18:07:16.499] [exthost] [info] ExtensionService#_doActivateExtension vscode.configuration-editing {"startup":false,"activationEvent":"onLanguage:json"}
[2019-07-15 18:07:16.500] [exthost] [info] ExtensionService#loadCommonJSModule /usr/share/code/resources/app/extensions/configuration-editing/dist/extension
[2019-07-15 18:07:16.606] [exthost] [info] ExtensionService#_doActivateExtension vscode.extension-editing {"startup":false,"activationEvent":"onLanguage:json"}
[2019-07-15 18:07:16.607] [exthost] [info] ExtensionService#loadCommonJSModule /usr/share/code/resources/app/extensions/extension-editing/dist/extension
[2019-07-15 18:07:16.887] [exthost] [info] ExtensionService#_doActivateExtension vscode.json-language-features {"startup":false,"activationEvent":"onLanguage:json"}
[2019-07-15 18:07:16.887] [exthost] [info] ExtensionService#loadCommonJSModule /usr/share/code/resources/app/extensions/json-language-features/client/dist/jsonMain
[2019-07-15 18:07:17.107] [exthost] [info] ExtensionService#_doActivateExtension vscode.npm {"startup":false,"activationEvent":"onLanguage:json"}
[2019-07-15 18:07:17.107] [exthost] [info] ExtensionService#loadCommonJSModule /usr/share/code/resources/app/extensions/npm/dist/main
[2019-07-15 18:19:48.716] [exthost] [info] ExtensionService#_doActivateExtension octref.vetur {"startup":false,"activationEvent":"onLanguage:vue"}
[2019-07-15 18:19:48.719] [exthost] [info] ExtensionService#loadCommonJSModule /home/marlon/.vscode/extensions/octref.vetur-0.21.1/dist/client/vueMain
[2019-07-15 19:01:04.151] [exthost] [info] ExtensionService#_doActivateExtension vscode.html-language-features {"startup":false,"activationEvent":"onLanguage:html"}
[2019-07-15 19:01:04.151] [exthost] [info] ExtensionService#loadCommonJSModule /usr/share/code/resources/app/extensions/html-language-features/client/dist/htmlMain
